Log file open, 09/02/24 06:17:04
LogWindows: Failed to load 'aqProf.dll' (GetLastError=126)
LogWindows: File 'aqProf.dll' does not exist
LogWindows: Failed to load 'VtuneApi.dll' (GetLastError=126)
LogWindows: File 'VtuneApi.dll' does not exist
LogWindows: Failed to load 'VtuneApi32e.dll' (GetLastError=126)
LogWindows: File 'VtuneApi32e.dll' does not exist
LogConsoleResponse: Display: Failed to find resolution value strings in scalability ini. Falling back to default.
LogConsoleResponse: Display: Failed to find resolution value strings in scalability ini. Falling back to default.
LogInit: Display: Running engine for game: UELess10
LogPlatformFile: Not using cached read wrapper
LogTaskGraph: Started task graph with 5 named threads and 71 total threads with 3 sets of task threads.
LogStats: Stats thread started at 0.325806
LogICUInternationalization: ICU TimeZone Detection - Raw Offset: +3:00, Platform Override: ''
LogInit: Display: Loading text-based GConfig....
LogPluginManager: Mounting plugin MeshPainting
LogPluginManager: Mounting plugin XGEController
LogPluginManager: Mounting plugin Paper2D
LogPluginManager: Mounting plugin LiveLink
LogPluginManager: Mounting plugin EnvironmentQueryEditor
LogPluginManager: Mounting plugin AISupport
LogPluginManager: Mounting plugin AnimationSharing
LogPluginManager: Mounting plugin CameraShakePreviewer
LogPluginManager: Mounting plugin CodeLiteSourceCodeAccess
LogPluginManager: Mounting plugin NullSourceCodeAccess
LogPluginManager: Mounting plugin LightPropagationVolume
LogPluginManager: Mounting plugin KDevelopSourceCodeAccess
LogPluginManager: Mounting plugin GitSourceControl
LogPluginManager: Mounting plugin PlasticSourceControl
LogPluginManager: Mounting plugin CLionSourceCodeAccess
LogPluginManager: Mounting plugin PluginUtils
LogPluginManager: Mounting plugin SubversionSourceControl
LogPluginManager: Mounting plugin PropertyAccessNode
LogPluginManager: Mounting plugin RiderSourceCodeAccess
LogPluginManager: Mounting plugin PixWinPlugin
LogPluginManager: Mounting plugin VisualStudioCodeSourceCodeAccess
LogPluginManager: Mounting plugin XCodeSourceCodeAccess
LogPluginManager: Mounting plugin VisualStudioSourceCodeAccess
LogPluginManager: Mounting plugin Niagara
LogPluginManager: Mounting plugin GameplayCameras
LogPluginManager: Mounting plugin PerforceSourceControl
LogPluginManager: Mounting plugin AssetManagerEditor
LogPluginManager: Mounting plugin UObjectPlugin
LogPluginManager: Mounting plugin OodleData
LogPluginManager: Mounting plugin OodleNetwork
LogPluginManager: Mounting plugin TextureFormatOodle
LogPluginManager: Mounting plugin CryptoKeys
LogPluginManager: Mounting plugin LuminPlatformFeatures
LogPluginManager: Mounting plugin MagicLeapLightEstimation
LogPluginManager: Mounting plugin DataValidation
LogPluginManager: Mounting plugin CurveEditorTools
LogPluginManager: Mounting plugin FacialAnimation
LogPluginManager: Mounting plugin MagicLeapMedia
LogPluginManager: Mounting plugin GeometryMode
LogPluginManager: Mounting plugin MagicLeap
LogPluginManager: Mounting plugin MaterialAnalyzer
LogPluginManager: Mounting plugin MagicLeapPassableWorld
LogPluginManager: Mounting plugin MacGraphicsSwitching
LogPluginManager: Mounting plugin MLSDK
LogPluginManager: Mounting plugin GameplayTagsEditor
LogPluginManager: Mounting plugin AlembicImporter
LogPluginManager: Mounting plugin MobileLauncherProfileWizard
LogPluginManager: Mounting plugin ChaosCloth
LogPluginManager: Mounting plugin SpeedTreeImporter
LogPluginManager: Mounting plugin ChaosClothEditor
LogPluginManager: Mounting plugin PluginBrowser
LogPluginManager: Mounting plugin ChaosEditor
LogPluginManager: Mounting plugin AutomationUtils
LogPluginManager: Mounting plugin BackChannel
LogPluginManager: Mounting plugin CharacterAI
LogPluginManager: Mounting plugin ChaosNiagara
LogPluginManager: Mounting plugin ChaosSolverPlugin
LogPluginManager: Mounting plugin DatasmithContent
LogPluginManager: Mounting plugin VariantManagerContent
LogPluginManager: Mounting plugin GeometryCache
LogPluginManager: Mounting plugin GeometryProcessing
LogPluginManager: Mounting plugin PlanarCut
LogPluginManager: Mounting plugin OpenImageDenoise
LogPluginManager: Mounting plugin GeometryCollectionPlugin
LogPluginManager: Mounting plugin PythonScriptPlugin
LogPluginManager: Mounting plugin MotoSynth
LogPluginManager: Mounting plugin ProxyLODPlugin
LogPluginManager: Mounting plugin PlatformCrypto
LogPluginManager: Mounting plugin AndroidMedia
LogPluginManager: Mounting plugin AvfMedia
LogPluginManager: Mounting plugin MediaCompositing
LogPluginManager: Mounting plugin WebMMedia
LogPluginManager: Mounting plugin MediaPlayerEditor
LogPluginManager: Mounting plugin SkeletalReduction
LogPluginManager: Mounting plugin ImgMedia
LogPluginManager: Mounting plugin WmfMedia
LogPluginManager: Mounting plugin OnlineSubsystem
LogPluginManager: Mounting plugin LevelSequenceEditor
LogPluginManager: Mounting plugin OnlineSubsystemNull
LogPluginManager: Mounting plugin OnlineSubsystemUtils
LogPluginManager: Mounting plugin ActorLayerUtilities
LogPluginManager: Mounting plugin LauncherChunkInstaller
LogPluginManager: Mounting plugin MatineeToLevelSequence
LogPluginManager: Mounting plugin UdpMessaging
LogPluginManager: Mounting plugin AndroidDeviceProfileSelector
LogPluginManager: Mounting plugin ActorSequence
LogPluginManager: Mounting plugin AndroidMoviePlayer
LogPluginManager: Mounting plugin TemplateSequence
LogPluginManager: Mounting plugin TcpMessaging
LogPluginManager: Mounting plugin AudioCapture
LogPluginManager: Mounting plugin AndroidPermission
LogPluginManager: Mounting plugin AssetTags
LogPluginManager: Mounting plugin ArchVisCharacter
LogPluginManager: Mounting plugin AppleImageUtils
LogPluginManager: Mounting plugin ChunkDownloader
LogPluginManager: Mounting plugin ExampleDeviceProfileSelector
LogPluginManager: Mounting plugin CustomMeshComponent
LogPluginManager: Mounting plugin AudioSynesthesia
LogPluginManager: Mounting plugin EditableMesh
LogPluginManager: Mounting plugin GoogleCloudMessaging
LogPluginManager: Mounting plugin IOSDeviceProfileSelector
LogPluginManager: Mounting plugin AppleMoviePlayer
LogPluginManager: Mounting plugin CableComponent
LogPluginManager: Mounting plugin GooglePAD
LogPluginManager: Mounting plugin LinuxDeviceProfileSelector
LogPluginManager: Mounting plugin LocationServicesBPLibrary
LogPluginManager: Mounting plugin MobilePatchingUtils
LogPluginManager: Mounting plugin ProceduralMeshComponent
LogPluginManager: Mounting plugin PostSplashScreen
LogPluginManager: Mounting plugin OpenXREyeTracker
LogPluginManager: Mounting plugin SignificanceManager
LogPluginManager: Mounting plugin OpenXR
LogPluginManager: Mounting plugin PhysXVehicles
LogPluginManager: Mounting plugin OpenXRHandTracking
LogPluginManager: Mounting plugin PropertyAccessEditor
LogPluginManager: Mounting plugin Synthesis
LogPluginManager: Mounting plugin RuntimePhysXCooking
LogPluginManager: Mounting plugin WebMMoviePlayer
LogPluginManager: Mounting plugin WindowsMoviePlayer
LogPluginManager: Mounting plugin SoundFields
LogPluginManager: Mounting plugin ScreenshotTools
LogPluginManager: Mounting plugin Takes
LogPluginManager: Mounting plugin ContentBrowserClassDataSource
LogPluginManager: Mounting plugin ContentBrowserFileDataSource
LogPluginManager: Mounting plugin ContentBrowserAssetDataSource
LogPluginManager: Mounting plugin OnlineSubsystemGooglePlay
LogPluginManager: Mounting plugin OnlineSubsystemIOS
LogPluginManager: Mounting plugin OculusVR
LogPluginManager: Mounting plugin SteamVR
PixWinPlugin: PIX capture plugin failed to initialize! Check that the process is launched from PIX.
LogInit: Using libcurl 7.55.1-DEV
LogInit:  - built for x86_64-pc-win32
LogInit:  - supports SSL with OpenSSL/1.1.1
LogInit:  - supports HTTP deflate (compression) using libz 1.2.8
LogInit:  - other features:
LogInit:      CURL_VERSION_SSL
LogInit:      CURL_VERSION_LIBZ
LogInit:      CURL_VERSION_IPV6
LogInit:      CURL_VERSION_ASYNCHDNS
LogInit:      CURL_VERSION_LARGEFILE
LogInit:      CURL_VERSION_IDN
LogInit:  CurlRequestOptions (configurable via config and command line):
LogInit:  - bVerifyPeer = true  - Libcurl will verify peer certificate
LogInit:  - bUseHttpProxy = false  - Libcurl will NOT use HTTP proxy
LogInit:  - bDontReuseConnections = false  - Libcurl will reuse connections
LogInit:  - MaxHostConnections = 16  - Libcurl will limit the number of connections to a host
LogInit:  - LocalHostAddr = Default
LogInit:  - BufferSize = 65536
LogOnline: OSS: Creating online subsystem instance for: NULL
LogInit: WinSock: version 1.1 (2.2), MaxSocks=32767, MaxUdp=65467
LogOnline: OSS: TryLoadSubsystemAndSetDefault: Loaded subsystem for module [NULL]
LogOculusPluginWrapper: OculusPlugin initialized successfully
LogHMD: Failed initializing OVRPlugin 1.59.0
LogInit: Build: ++UE4+Release-4.27-CL-18319896
LogInit: Engine Version: 4.27.2-18319896+++UE4+Release-4.27
LogInit: Compatible Engine Version: 4.27.0-17155196+++UE4+Release-4.27
LogInit: Net CL: 17155196
LogInit: OS: Windows 10 (Release 2009) (), CPU: Intel(R) Xeon(R) CPU E5-2670 v3 @ 2.30GHz, GPU: NVIDIA GeForce RTX 3060
LogInit: Compiled (64-bit): Nov 30 2021 07:12:08
LogInit: Compiled with Visual C++: 19.24.28315.00
LogInit: Build Configuration: Development
LogInit: Branch Name: ++UE4+Release-4.27
LogInit: Command Line: 
LogInit: Base Directory: C:/Program Files/Epic Games/UE_4.27/Engine/Binaries/Win64/
LogInit: Allocator: TBB
LogInit: Installed Engine Build: 1
LogDevObjectVersion: Number of dev versions registered: 29
LogDevObjectVersion:   Dev-Blueprints (B0D832E4-1F89-4F0D-ACCF-7EB736FD4AA2): 10
LogDevObjectVersion:   Dev-Build (E1C64328-A22C-4D53-A36C-8E866417BD8C): 0
LogDevObjectVersion:   Dev-Core (375EC13C-06E4-48FB-B500-84F0262A717E): 4
LogDevObjectVersion:   Dev-Editor (E4B068ED-F494-42E9-A231-DA0B2E46BB41): 40
LogDevObjectVersion:   Dev-Framework (CFFC743F-43B0-4480-9391-14DF171D2073): 37
LogDevObjectVersion:   Dev-Mobile (B02B49B5-BB20-44E9-A304-32B752E40360): 3
LogDevObjectVersion:   Dev-Networking (A4E4105C-59A1-49B5-A7C5-40C4547EDFEE): 0
LogDevObjectVersion:   Dev-Online (39C831C9-5AE6-47DC-9A44-9C173E1C8E7C): 0
LogDevObjectVersion:   Dev-Physics (78F01B33-EBEA-4F98-B9B4-84EACCB95AA2): 14
LogDevObjectVersion:   Dev-Platform (6631380F-2D4D-43E0-8009-CF276956A95A): 0
LogDevObjectVersion:   Dev-Rendering (12F88B9F-8875-4AFC-A67C-D90C383ABD29): 45
LogDevObjectVersion:   Dev-Sequencer (7B5AE74C-D270-4C10-A958-57980B212A5A): 13
LogDevObjectVersion:   Dev-VR (D7296918-1DD6-4BDD-9DE2-64A83CC13884): 3
LogDevObjectVersion:   Dev-LoadTimes (C2A15278-BFE7-4AFE-6C17-90FF531DF755): 1
LogDevObjectVersion:   Private-Geometry (6EACA3D4-40EC-4CC1-B786-8BED09428FC5): 3
LogDevObjectVersion:   Dev-AnimPhys (29E575DD-E0A3-4627-9D10-D276232CDCEA): 17
LogDevObjectVersion:   Dev-Anim (AF43A65D-7FD3-4947-9873-3E8ED9C1BB05): 15
LogDevObjectVersion:   Dev-ReflectionCapture (6B266CEC-1EC7-4B8F-A30B-E4D90942FC07): 1
LogDevObjectVersion:   Dev-Automation (0DF73D61-A23F-47EA-B727-89E90C41499A): 1
LogDevObjectVersion:   FortniteMain (601D1886-AC64-4F84-AA16-D3DE0DEAC7D6): 47
LogDevObjectVersion:   FortniteRelease (E7086368-6B23-4C58-8439-1B7016265E91): 1
LogDevObjectVersion:   Dev-Enterprise (9DFFBCD6-494F-0158-E221-12823C92A888): 10
LogDevObjectVersion:   Dev-Niagara (F2AED0AC-9AFE-416F-8664-AA7FFA26D6FC): 1
LogDevObjectVersion:   Dev-Destruction (174F1F0B-B4C6-45A5-B13F-2EE8D0FB917D): 10
LogDevObjectVersion:   Dev-Physics-Ext (35F94A83-E258-406C-A318-09F59610247C): 41
LogDevObjectVersion:   Dev-PhysicsMaterial-Chaos (B68FC16E-8B1B-42E2-B453-215C058844FE): 1
LogDevObjectVersion:   Dev-CineCamera (B2E18506-4273-CFC2-A54E-F4BB758BBA07): 1
LogDevObjectVersion:   Dev-VirtualProduction (64F58936-FD1B-42BA-BA96-7289D5D0FA4E): 1
LogDevObjectVersion:   Dev-MediaFramework (6F0ED827-A609-4895-9C91-998D90180EA4): 2
LogInit: Presizing for max 25165824 objects, including 0 objects not considered by GC, pre-allocating 0 bytes for permanent pool.
LogConfig: Applying CVar settings from Section [/Script/Engine.StreamingSettings] File [C:/Github/UELess10/Saved/Config/Windows/Engine.ini]
LogConfig: Setting CVar [[s.MinBulkDataSizeForAsyncLoading:131072]]
LogConfig: Setting CVar [[s.AsyncLoadingThreadEnabled:0]]
LogConfig: Setting CVar [[s.EventDrivenLoaderEnabled:1]]
LogConfig: Setting CVar [[s.WarnIfTimeLimitExceeded:0]]
LogConfig: Setting CVar [[s.TimeLimitExceededMultiplier:1.5]]
LogConfig: Setting CVar [[s.TimeLimitExceededMinTime:0.005]]
LogConfig: Setting CVar [[s.UseBackgroundLevelStreaming:1]]
LogConfig: Setting CVar [[s.PriorityAsyncLoadingExtraTime:15.0]]
LogConfig: Setting CVar [[s.LevelStreamingActorsUpdateTimeLimit:5.0]]
LogConfig: Setting CVar [[s.PriorityLevelStreamingActorsUpdateExtraTime:5.0]]
LogConfig: Setting CVar [[s.LevelStreamingComponentsRegistrationGranularity:10]]
LogConfig: Setting CVar [[s.UnregisterComponentsTimeLimit:1.0]]
LogConfig: Setting CVar [[s.LevelStreamingComponentsUnregistrationGranularity:5]]
LogConfig: Setting CVar [[s.FlushStreamingOnExit:1]]
LogInit: Object subsystem initialized
LogConfig: Setting CVar [[con.DebugEarlyDefault:1]]
LogConfig: Setting CVar [[r.setres:1280x720]]
[2024.09.02-03.17.05:389][  0]LogConfig: Setting CVar [[r.VSync:0]]
[2024.09.02-03.17.05:389][  0]LogConfig: Setting CVar [[r.RHICmdBypass:0]]
[2024.09.02-03.17.05:389][  0]LogConfig: Applying CVar settings from Section [/Script/Engine.RendererSettings] File [C:/Github/UELess10/Saved/Config/Windows/Engine.ini]
[2024.09.02-03.17.05:389][  0]LogConfig: Setting CVar [[r.GPUCrashDebugging:0]]
[2024.09.02-03.17.05:389][  0]LogConfig: Applying CVar settings from Section [/Script/Engine.RendererOverrideSettings] File [C:/Github/UELess10/Saved/Config/Windows/Engine.ini]
[2024.09.02-03.17.05:389][  0]LogConfig: Applying CVar settings from Section [/Script/Engine.StreamingSettings] File [C:/Github/UELess10/Saved/Config/Windows/Engine.ini]
[2024.09.02-03.17.05:389][  0]LogConfig: Setting CVar [[s.MinBulkDataSizeForAsyncLoading:131072]]
[2024.09.02-03.17.05:389][  0]LogConfig: Setting CVar [[s.AsyncLoadingThreadEnabled:0]]
[2024.09.02-03.17.05:389][  0]LogConfig: Setting CVar [[s.EventDrivenLoaderEnabled:1]]
[2024.09.02-03.17.05:389][  0]LogConfig: Setting CVar [[s.WarnIfTimeLimitExceeded:0]]
[2024.09.02-03.17.05:389][  0]LogConfig: Setting CVar [[s.TimeLimitExceededMultiplier:1.5]]
[2024.09.02-03.17.05:389][  0]LogConfig: Setting CVar [[s.TimeLimitExceededMinTime:0.005]]
[2024.09.02-03.17.05:389][  0]LogConfig: Setting CVar [[s.UseBackgroundLevelStreaming:1]]
[2024.09.02-03.17.05:389][  0]LogConfig: Setting CVar [[s.PriorityAsyncLoadingExtraTime:15.0]]
[2024.09.02-03.17.05:389][  0]LogConfig: Setting CVar [[s.LevelStreamingActorsUpdateTimeLimit:5.0]]
[2024.09.02-03.17.05:390][  0]LogConfig: Setting CVar [[s.PriorityLevelStreamingActorsUpdateExtraTime:5.0]]
[2024.09.02-03.17.05:390][  0]LogConfig: Setting CVar [[s.LevelStreamingComponentsRegistrationGranularity:10]]
[2024.09.02-03.17.05:390][  0]LogConfig: Setting CVar [[s.UnregisterComponentsTimeLimit:1.0]]
[2024.09.02-03.17.05:390][  0]LogConfig: Setting CVar [[s.LevelStreamingComponentsUnregistrationGranularity:5]]
[2024.09.02-03.17.05:390][  0]LogConfig: Setting CVar [[s.FlushStreamingOnExit:1]]
[2024.09.02-03.17.05:390][  0]LogConfig: Applying CVar settings from Section [/Script/Engine.GarbageCollectionSettings] File [C:/Github/UELess10/Saved/Config/Windows/Engine.ini]
[2024.09.02-03.17.05:390][  0]LogConfig: Setting CVar [[gc.MaxObjectsNotConsideredByGC:1]]
[2024.09.02-03.17.05:390][  0]LogConfig: Setting CVar [[gc.SizeOfPermanentObjectPool:0]]
[2024.09.02-03.17.05:390][  0]LogConfig: Setting CVar [[gc.FlushStreamingOnGC:0]]
[2024.09.02-03.17.05:390][  0]LogConfig: Setting CVar [[gc.NumRetriesBeforeForcingGC:10]]
[2024.09.02-03.17.05:390][  0]LogConfig: Setting CVar [[gc.AllowParallelGC:1]]
[2024.09.02-03.17.05:390][  0]LogConfig: Setting CVar [[gc.TimeBetweenPurgingPendingKillObjects:61.1]]
[2024.09.02-03.17.05:390][  0]LogConfig: Setting CVar [[gc.MaxObjectsInEditor:25165824]]
[2024.09.02-03.17.05:390][  0]LogConfig: Setting CVar [[gc.IncrementalBeginDestroyEnabled:1]]
[2024.09.02-03.17.05:390][  0]LogConfig: Setting CVar [[gc.CreateGCClusters:1]]
[2024.09.02-03.17.05:390][  0]LogConfig: Setting CVar [[gc.MinGCClusterSize:5]]
[2024.09.02-03.17.05:390][  0]LogConfig: Setting CVar [[gc.ActorClusteringEnabled:0]]
[2024.09.02-03.17.05:390][  0]LogConfig: Setting CVar [[gc.BlueprintClusteringEnabled:0]]
[2024.09.02-03.17.05:390][  0]LogConfig: Setting CVar [[gc.UseDisregardForGCOnDedicatedServers:0]]
[2024.09.02-03.17.05:390][  0]LogConfig: Setting CVar [[gc.MultithreadedDestructionEnabled:1]]
[2024.09.02-03.17.05:390][  0]LogConfig: Applying CVar settings from Section [/Script/Engine.NetworkSettings] File [C:/Github/UELess10/Saved/Config/Windows/Engine.ini]
[2024.09.02-03.17.05:390][  0]LogConfig: Applying CVar settings from Section [/Script/UnrealEd.CookerSettings] File [C:/Github/UELess10/Saved/Config/Windows/Engine.ini]
[2024.09.02-03.17.05:451][  0]LogConfig: Applying CVar settings from Section [ViewDistanceQuality@3] File [C:/Github/UELess10/Saved/Config/Windows/Scalability.ini]
[2024.09.02-03.17.05:451][  0]LogConfig: Setting CVar [[r.SkeletalMeshLODBias:0]]
[2024.09.02-03.17.05:451][  0]LogConfig: Setting CVar [[r.ViewDistanceScale:1.0]]
[2024.09.02-03.17.05:451][  0]LogConfig: Applying CVar settings from Section [AntiAliasingQuality@3] File [C:/Github/UELess10/Saved/Config/Windows/Scalability.ini]
[2024.09.02-03.17.05:451][  0]LogConfig: Setting CVar [[r.PostProcessAAQuality:4]]
[2024.09.02-03.17.05:451][  0]LogConfig: Applying CVar settings from Section [ShadowQuality@3] File [C:/Github/UELess10/Saved/Config/Windows/Scalability.ini]
[2024.09.02-03.17.05:451][  0]LogConfig: Setting CVar [[r.LightFunctionQuality:1]]
[2024.09.02-03.17.05:451][  0]LogConfig: Setting CVar [[r.ShadowQuality:5]]
[2024.09.02-03.17.05:451][  0]LogConfig: Setting CVar [[r.Shadow.CSM.MaxCascades:10]]
[2024.09.02-03.17.05:451][  0]LogConfig: Setting CVar [[r.Shadow.MaxResolution:2048]]
[2024.09.02-03.17.05:451][  0]LogConfig: Setting CVar [[r.Shadow.MaxCSMResolution:2048]]
[2024.09.02-03.17.05:451][  0]LogConfig: Setting CVar [[r.Shadow.RadiusThreshold:0.01]]
[2024.09.02-03.17.05:451][  0]LogConfig: Setting CVar [[r.Shadow.DistanceScale:1.0]]
[2024.09.02-03.17.05:451][  0]LogConfig: Setting CVar [[r.Shadow.CSM.TransitionScale:1.0]]
[2024.09.02-03.17.05:451][  0]LogConfig: Setting CVar [[r.Shadow.PreShadowResolutionFactor:1.0]]
[2024.09.02-03.17.05:451][  0]LogConfig: Setting CVar [[r.DistanceFieldShadowing:1]]
[2024.09.02-03.17.05:451][  0]LogConfig: Setting CVar [[r.DistanceFieldAO:1]]
[2024.09.02-03.17.05:451][  0]LogConfig: Setting CVar [[r.AOQuality:2]]
[2024.09.02-03.17.05:451][  0]LogConfig: Setting CVar [[r.VolumetricFog:1]]
[2024.09.02-03.17.05:451][  0]LogConfig: Setting CVar [[r.VolumetricFog.GridPixelSize:8]]
[2024.09.02-03.17.05:451][  0]LogConfig: Setting CVar [[r.VolumetricFog.GridSizeZ:128]]
[2024.09.02-03.17.05:451][  0]LogConfig: Setting CVar [[r.VolumetricFog.HistoryMissSupersampleCount:4]]
[2024.09.02-03.17.05:451][  0]LogConfig: Setting CVar [[r.LightMaxDrawDistanceScale:1]]
[2024.09.02-03.17.05:452][  0]LogConfig: Setting CVar [[r.CapsuleShadows:1]]
[2024.09.02-03.17.05:452][  0]LogConfig: Applying CVar settings from Section [PostProcessQuality@3] File [C:/Github/UELess10/Saved/Config/Windows/Scalability.ini]
[2024.09.02-03.17.05:452][  0]LogConfig: Setting CVar [[r.MotionBlurQuality:4]]
[2024.09.02-03.17.05:452][  0]LogConfig: Setting CVar [[r.AmbientOcclusionMipLevelFactor:0.4]]
[2024.09.02-03.17.05:452][  0]LogConfig: Setting CVar [[r.AmbientOcclusionMaxQuality:100]]
[2024.09.02-03.17.05:452][  0]LogConfig: Setting CVar [[r.AmbientOcclusionLevels:-1]]
[2024.09.02-03.17.05:452][  0]LogConfig: Setting CVar [[r.AmbientOcclusionRadiusScale:1.0]]
[2024.09.02-03.17.05:452][  0]LogConfig: Setting CVar [[r.DepthOfFieldQuality:2]]
[2024.09.02-03.17.05:452][  0]LogConfig: Setting CVar [[r.RenderTargetPoolMin:400]]
[2024.09.02-03.17.05:452][  0]LogConfig: Setting CVar [[r.LensFlareQuality:2]]
[2024.09.02-03.17.05:452][  0]LogConfig: Setting CVar [[r.SceneColorFringeQuality:1]]
[2024.09.02-03.17.05:452][  0]LogConfig: Setting CVar [[r.EyeAdaptationQuality:2]]
[2024.09.02-03.17.05:452][  0]LogConfig: Setting CVar [[r.BloomQuality:5]]
[2024.09.02-03.17.05:452][  0]LogConfig: Setting CVar [[r.FastBlurThreshold:100]]
[2024.09.02-03.17.05:452][  0]LogConfig: Setting CVar [[r.Upscale.Quality:3]]
[2024.09.02-03.17.05:452][  0]LogConfig: Setting CVar [[r.Tonemapper.GrainQuantization:1]]
[2024.09.02-03.17.05:452][  0]LogConfig: Setting CVar [[r.LightShaftQuality:1]]
[2024.09.02-03.17.05:452][  0]LogConfig: Setting CVar [[r.Filter.SizeScale:1]]
[2024.09.02-03.17.05:452][  0]LogConfig: Setting CVar [[r.Tonemapper.Quality:5]]
[2024.09.02-03.17.05:452][  0]LogConfig: Setting CVar [[r.DOF.Gather.AccumulatorQuality:1        ; higher gathering accumulator quality]]
[2024.09.02-03.17.05:452][  0]LogConfig: Setting CVar [[r.DOF.Gather.PostfilterMethod:1          ; Median3x3 postfilering method]]
[2024.09.02-03.17.05:452][  0]LogConfig: Setting CVar [[r.DOF.Gather.EnableBokehSettings:0       ; no bokeh simulation when gathering]]
[2024.09.02-03.17.05:452][  0]LogConfig: Setting CVar [[r.DOF.Gather.RingCount:4                 ; medium number of samples when gathering]]
[2024.09.02-03.17.05:452][  0]LogConfig: Setting CVar [[r.DOF.Scatter.ForegroundCompositing:1    ; additive foreground scattering]]
[2024.09.02-03.17.05:452][  0]LogConfig: Setting CVar [[r.DOF.Scatter.BackgroundCompositing:2    ; additive background scattering]]
[2024.09.02-03.17.05:452][  0]LogConfig: Setting CVar [[r.DOF.Scatter.EnableBokehSettings:1      ; bokeh simulation when scattering]]
[2024.09.02-03.17.05:452][  0]LogConfig: Setting CVar [[r.DOF.Scatter.MaxSpriteRatio:0.1         ; only a maximum of 10% of scattered bokeh]]
[2024.09.02-03.17.05:452][  0]LogConfig: Setting CVar [[r.DOF.Recombine.Quality:1                ; cheap slight out of focus]]
[2024.09.02-03.17.05:452][  0]LogConfig: Setting CVar [[r.DOF.Recombine.EnableBokehSettings:0    ; no bokeh simulation on slight out of focus]]
[2024.09.02-03.17.05:452][  0]LogConfig: Setting CVar [[r.DOF.TemporalAAQuality:1                ; more stable temporal accumulation]]
[2024.09.02-03.17.05:452][  0]LogConfig: Setting CVar [[r.DOF.Kernel.MaxForegroundRadius:0.025]]
[2024.09.02-03.17.05:452][  0]LogConfig: Setting CVar [[r.DOF.Kernel.MaxBackgroundRadius:0.025]]
[2024.09.02-03.17.05:452][  0]LogConfig: Applying CVar settings from Section [TextureQuality@3] File [C:/Github/UELess10/Saved/Config/Windows/Scalability.ini]
[2024.09.02-03.17.05:452][  0]LogConfig: Setting CVar [[r.Streaming.MipBias:0]]
[2024.09.02-03.17.05:452][  0]LogConfig: Setting CVar [[r.Streaming.AmortizeCPUToGPUCopy:0]]
[2024.09.02-03.17.05:452][  0]LogConfig: Setting CVar [[r.Streaming.MaxNumTexturesToStreamPerFrame:0]]
[2024.09.02-03.17.05:452][  0]LogConfig: Setting CVar [[r.Streaming.Boost:1]]
[2024.09.02-03.17.05:452][  0]LogConfig: Setting CVar [[r.MaxAnisotropy:8]]
[2024.09.02-03.17.05:452][  0]LogConfig: Setting CVar [[r.VT.MaxAnisotropy:8]]
[2024.09.02-03.17.05:452][  0]LogConfig: Setting CVar [[r.Streaming.LimitPoolSizeToVRAM:0]]
[2024.09.02-03.17.05:452][  0]LogConfig: Setting CVar [[r.Streaming.PoolSize:1000]]
[2024.09.02-03.17.05:452][  0]LogConfig: Setting CVar [[r.Streaming.MaxEffectiveScreenSize:0]]
[2024.09.02-03.17.05:452][  0]LogConfig: Applying CVar settings from Section [EffectsQuality@3] File [C:/Github/UELess10/Saved/Config/Windows/Scalability.ini]
[2024.09.02-03.17.05:452][  0]LogConfig: Setting CVar [[r.TranslucencyLightingVolumeDim:64]]
[2024.09.02-03.17.05:452][  0]LogConfig: Setting CVar [[r.RefractionQuality:2]]
[2024.09.02-03.17.05:452][  0]LogConfig: Setting CVar [[r.SSR.Quality:3]]
[2024.09.02-03.17.05:452][  0]LogConfig: Setting CVar [[r.SSR.HalfResSceneColor:0]]
[2024.09.02-03.17.05:452][  0]LogConfig: Setting CVar [[r.SceneColorFormat:4]]
[2024.09.02-03.17.05:452][  0]LogConfig: Setting CVar [[r.DetailMode:2]]
[2024.09.02-03.17.05:452][  0]LogConfig: Setting CVar [[r.TranslucencyVolumeBlur:1]]
[2024.09.02-03.17.05:452][  0]LogConfig: Setting CVar [[r.MaterialQualityLevel:1 ; High quality]]
[2024.09.02-03.17.05:452][  0]LogConfig: Setting CVar [[r.AnisotropicMaterials:1]]
[2024.09.02-03.17.05:452][  0]LogConfig: Setting CVar [[r.SSS.Scale:1]]
[2024.09.02-03.17.05:452][  0]LogConfig: Setting CVar [[r.SSS.SampleSet:2]]
[2024.09.02-03.17.05:452][  0]LogConfig: Setting CVar [[r.SSS.Quality:1]]
[2024.09.02-03.17.05:452][  0]LogConfig: Setting CVar [[r.SSS.HalfRes:0]]
[2024.09.02-03.17.05:452][  0]LogConfig: Setting CVar [[r.SSGI.Quality:3]]
[2024.09.02-03.17.05:452][  0]LogConfig: Setting CVar [[r.EmitterSpawnRateScale:1.0]]
[2024.09.02-03.17.05:452][  0]LogConfig: Setting CVar [[r.ParticleLightQuality:2]]
[2024.09.02-03.17.05:452][  0]LogConfig: Setting CVar [[r.SkyAtmosphere.AerialPerspectiveLUT.FastApplyOnOpaque:1 ; Always have FastSkyLUT 1 in this case to avoid wrong sky]]
[2024.09.02-03.17.05:452][  0]LogConfig: Setting CVar [[r.SkyAtmosphere.AerialPerspectiveLUT.SampleCountMaxPerSlice:4]]
[2024.09.02-03.17.05:452][  0]LogConfig: Setting CVar [[r.SkyAtmosphere.AerialPerspectiveLUT.DepthResolution:16.0]]
[2024.09.02-03.17.05:452][  0]LogConfig: Setting CVar [[r.SkyAtmosphere.FastSkyLUT:1]]
[2024.09.02-03.17.05:452][  0]LogConfig: Setting CVar [[r.SkyAtmosphere.FastSkyLUT.SampleCountMin:4.0]]
[2024.09.02-03.17.05:452][  0]LogConfig: Setting CVar [[r.SkyAtmosphere.FastSkyLUT.SampleCountMax:128.0]]
[2024.09.02-03.17.05:452][  0]LogConfig: Setting CVar [[r.SkyAtmosphere.SampleCountMin:4.0]]
[2024.09.02-03.17.05:452][  0]LogConfig: Setting CVar [[r.SkyAtmosphere.SampleCountMax:128.0]]
[2024.09.02-03.17.05:452][  0]LogConfig: Setting CVar [[r.SkyAtmosphere.TransmittanceLUT.UseSmallFormat:0]]
[2024.09.02-03.17.05:452][  0]LogConfig: Setting CVar [[r.SkyAtmosphere.TransmittanceLUT.SampleCount:10.0]]
[2024.09.02-03.17.05:452][  0]LogConfig: Setting CVar [[r.SkyAtmosphere.MultiScatteringLUT.SampleCount:15.0]]
[2024.09.02-03.17.05:453][  0]LogConfig: Setting CVar [[r.SkyLight.RealTimeReflectionCapture:1]]
[2024.09.02-03.17.05:453][  0]LogConfig: Applying CVar settings from Section [FoliageQuality@3] File [C:/Github/UELess10/Saved/Config/Windows/Scalability.ini]
[2024.09.02-03.17.05:453][  0]LogConfig: Setting CVar [[foliage.DensityScale:1.0]]
[2024.09.02-03.17.05:453][  0]LogConfig: Setting CVar [[grass.DensityScale:1.0]]
[2024.09.02-03.17.05:453][  0]LogConfig: Applying CVar settings from Section [ShadingQuality@3] File [C:/Github/UELess10/Saved/Config/Windows/Scalability.ini]
[2024.09.02-03.17.05:453][  0]LogConfig: Setting CVar [[r.HairStrands.SkyLighting.IntegrationType:2]]
[2024.09.02-03.17.05:453][  0]LogConfig: Setting CVar [[r.HairStrands.SkyAO.SampleCount:4]]
[2024.09.02-03.17.05:453][  0]LogConfig: Setting CVar [[r.HairStrands.Visibility.MSAA.SamplePerPixel:4]]
[2024.09.02-03.17.05:453][  0]LogInit: Selected Device Profile: [Windows]
[2024.09.02-03.17.05:453][  0]LogInit: Applying CVar settings loaded from the selected device profile: [Windows]
[2024.09.02-03.17.05:453][  0]LogHAL: Display: Platform has ~ 16 GB [17080381440 / 17179869184 / 16], which maps to Larger [LargestMinGB=32, LargerMinGB=12, DefaultMinGB=8, SmallerMinGB=6, SmallestMinGB=0)
[2024.09.02-03.17.05:453][  0]LogInit: Going up to parent DeviceProfile []
[2024.09.02-03.17.05:453][  0]LogConfig: Applying CVar settings from Section [ViewDistanceQuality@3] File [C:/Github/UELess10/Saved/Config/Windows/Scalability.ini]
[2024.09.02-03.17.05:453][  0]LogConfig: Setting CVar [[r.SkeletalMeshLODBias:0]]
[2024.09.02-03.17.05:453][  0]LogConfig: Setting CVar [[r.ViewDistanceScale:1.0]]
[2024.09.02-03.17.05:453][  0]LogConfig: Applying CVar settings from Section [AntiAliasingQuality@3] File [C:/Github/UELess10/Saved/Config/Windows/Scalability.ini]
[2024.09.02-03.17.05:453][  0]LogConfig: Setting CVar [[r.PostProcessAAQuality:4]]
[2024.09.02-03.17.05:453][  0]LogConfig: Applying CVar settings from Section [ShadowQuality@3] File [C:/Github/UELess10/Saved/Config/Windows/Scalability.ini]
[2024.09.02-03.17.05:453][  0]LogConfig: Setting CVar [[r.LightFunctionQuality:1]]
[2024.09.02-03.17.05:453][  0]LogConfig: Setting CVar [[r.ShadowQuality:5]]
[2024.09.02-03.17.05:453][  0]LogConfig: Setting CVar [[r.Shadow.CSM.MaxCascades:10]]
[2024.09.02-03.17.05:453][  0]LogConfig: Setting CVar [[r.Shadow.MaxResolution:2048]]
[2024.09.02-03.17.05:453][  0]LogConfig: Setting CVar [[r.Shadow.MaxCSMResolution:2048]]
[2024.09.02-03.17.05:453][  0]LogConfig: Setting CVar [[r.Shadow.RadiusThreshold:0.01]]
[2024.09.02-03.17.05:453][  0]LogConfig: Setting CVar [[r.Shadow.DistanceScale:1.0]]
[2024.09.02-03.17.05:453][  0]LogConfig: Setting CVar [[r.Shadow.CSM.TransitionScale:1.0]]
[2024.09.02-03.17.05:453][  0]LogConfig: Setting CVar [[r.Shadow.PreShadowResolutionFactor:1.0]]
[2024.09.02-03.17.05:453][  0]LogConfig: Setting CVar [[r.DistanceFieldShadowing:1]]
[2024.09.02-03.17.05:453][  0]LogConfig: Setting CVar [[r.DistanceFieldAO:1]]
[2024.09.02-03.17.05:453][  0]LogConfig: Setting CVar [[r.AOQuality:2]]
[2024.09.02-03.17.05:453][  0]LogConfig: Setting CVar [[r.VolumetricFog:1]]
[2024.09.02-03.17.05:453][  0]LogConfig: Setting CVar [[r.VolumetricFog.GridPixelSize:8]]
[2024.09.02-03.17.05:453][  0]LogConfig: Setting CVar [[r.VolumetricFog.GridSizeZ:128]]
[2024.09.02-03.17.05:453][  0]LogConfig: Setting CVar [[r.VolumetricFog.HistoryMissSupersampleCount:4]]
[2024.09.02-03.17.05:453][  0]LogConfig: Setting CVar [[r.LightMaxDrawDistanceScale:1]]
[2024.09.02-03.17.05:453][  0]LogConfig: Setting CVar [[r.CapsuleShadows:1]]
[2024.09.02-03.17.05:453][  0]LogConfig: Applying CVar settings from Section [PostProcessQuality@3] File [C:/Github/UELess10/Saved/Config/Windows/Scalability.ini]
[2024.09.02-03.17.05:453][  0]LogConfig: Setting CVar [[r.MotionBlurQuality:4]]
[2024.09.02-03.17.05:453][  0]LogConfig: Setting CVar [[r.AmbientOcclusionMipLevelFactor:0.4]]
[2024.09.02-03.17.05:453][  0]LogConfig: Setting CVar [[r.AmbientOcclusionMaxQuality:100]]
[2024.09.02-03.17.05:453][  0]LogConfig: Setting CVar [[r.AmbientOcclusionLevels:-1]]
[2024.09.02-03.17.05:453][  0]LogConfig: Setting CVar [[r.AmbientOcclusionRadiusScale:1.0]]
[2024.09.02-03.17.05:453][  0]LogConfig: Setting CVar [[r.DepthOfFieldQuality:2]]
[2024.09.02-03.17.05:453][  0]LogConfig: Setting CVar [[r.RenderTargetPoolMin:400]]
[2024.09.02-03.17.05:453][  0]LogConfig: Setting CVar [[r.LensFlareQuality:2]]
[2024.09.02-03.17.05:453][  0]LogConfig: Setting CVar [[r.SceneColorFringeQuality:1]]
[2024.09.02-03.17.05:453][  0]LogConfig: Setting CVar [[r.EyeAdaptationQuality:2]]
[2024.09.02-03.17.05:453][  0]LogConfig: Setting CVar [[r.BloomQuality:5]]
[2024.09.02-03.17.05:453][  0]LogConfig: Setting CVar [[r.FastBlurThreshold:100]]
[2024.09.02-03.17.05:453][  0]LogConfig: Setting CVar [[r.Upscale.Quality:3]]
[2024.09.02-03.17.05:453][  0]LogConfig: Setting CVar [[r.Tonemapper.GrainQuantization:1]]
[2024.09.02-03.17.05:453][  0]LogConfig: Setting CVar [[r.LightShaftQuality:1]]
[2024.09.02-03.17.05:453][  0]LogConfig: Setting CVar [[r.Filter.SizeScale:1]]
[2024.09.02-03.17.05:453][  0]LogConfig: Setting CVar [[r.Tonemapper.Quality:5]]
[2024.09.02-03.17.05:453][  0]LogConfig: Setting CVar [[r.DOF.Gather.AccumulatorQuality:1        ; higher gathering accumulator quality]]
[2024.09.02-03.17.05:453][  0]LogConfig: Setting CVar [[r.DOF.Gather.PostfilterMethod:1          ; Median3x3 postfilering method]]
[2024.09.02-03.17.05:453][  0]LogConfig: Setting CVar [[r.DOF.Gather.EnableBokehSettings:0       ; no bokeh simulation when gathering]]
[2024.09.02-03.17.05:453][  0]LogConfig: Setting CVar [[r.DOF.Gather.RingCount:4                 ; medium number of samples when gathering]]
[2024.09.02-03.17.05:453][  0]LogConfig: Setting CVar [[r.DOF.Scatter.ForegroundCompositing:1    ; additive foreground scattering]]
[2024.09.02-03.17.05:453][  0]LogConfig: Setting CVar [[r.DOF.Scatter.BackgroundCompositing:2    ; additive background scattering]]
[2024.09.02-03.17.05:453][  0]LogConfig: Setting CVar [[r.DOF.Scatter.EnableBokehSettings:1      ; bokeh simulation when scattering]]
[2024.09.02-03.17.05:453][  0]LogConfig: Setting CVar [[r.DOF.Scatter.MaxSpriteRatio:0.1         ; only a maximum of 10% of scattered bokeh]]
[2024.09.02-03.17.05:454][  0]LogConfig: Setting CVar [[r.DOF.Recombine.Quality:1                ; cheap slight out of focus]]
[2024.09.02-03.17.05:454][  0]LogConfig: Setting CVar [[r.DOF.Recombine.EnableBokehSettings:0    ; no bokeh simulation on slight out of focus]]
[2024.09.02-03.17.05:454][  0]LogConfig: Setting CVar [[r.DOF.TemporalAAQuality:1                ; more stable temporal accumulation]]
[2024.09.02-03.17.05:454][  0]LogConfig: Setting CVar [[r.DOF.Kernel.MaxForegroundRadius:0.025]]
[2024.09.02-03.17.05:454][  0]LogConfig: Setting CVar [[r.DOF.Kernel.MaxBackgroundRadius:0.025]]
[2024.09.02-03.17.05:454][  0]LogConfig: Applying CVar settings from Section [TextureQuality@3] File [C:/Github/UELess10/Saved/Config/Windows/Scalability.ini]
[2024.09.02-03.17.05:454][  0]LogConfig: Setting CVar [[r.Streaming.MipBias:0]]
[2024.09.02-03.17.05:454][  0]LogConfig: Setting CVar [[r.Streaming.AmortizeCPUToGPUCopy:0]]
[2024.09.02-03.17.05:454][  0]LogConfig: Setting CVar [[r.Streaming.MaxNumTexturesToStreamPerFrame:0]]
[2024.09.02-03.17.05:454][  0]LogConfig: Setting CVar [[r.Streaming.Boost:1]]
[2024.09.02-03.17.05:454][  0]LogConfig: Setting CVar [[r.MaxAnisotropy:8]]
[2024.09.02-03.17.05:454][  0]LogConfig: Setting CVar [[r.VT.MaxAnisotropy:8]]
[2024.09.02-03.17.05:454][  0]LogConfig: Setting CVar [[r.Streaming.LimitPoolSizeToVRAM:0]]
[2024.09.02-03.17.05:454][  0]LogConfig: Setting CVar [[r.Streaming.PoolSize:1000]]
[2024.09.02-03.17.05:454][  0]LogConfig: Setting CVar [[r.Streaming.MaxEffectiveScreenSize:0]]
[2024.09.02-03.17.05:454][  0]LogConfig: Applying CVar settings from Section [EffectsQuality@3] File [C:/Github/UELess10/Saved/Config/Windows/Scalability.ini]
[2024.09.02-03.17.05:454][  0]LogConfig: Setting CVar [[r.TranslucencyLightingVolumeDim:64]]
[2024.09.02-03.17.05:454][  0]LogConfig: Setting CVar [[r.RefractionQuality:2]]
[2024.09.02-03.17.05:454][  0]LogConfig: Setting CVar [[r.SSR.Quality:3]]
[2024.09.02-03.17.05:454][  0]LogConfig: Setting CVar [[r.SSR.HalfResSceneColor:0]]
[2024.09.02-03.17.05:454][  0]LogConfig: Setting CVar [[r.SceneColorFormat:4]]
[2024.09.02-03.17.05:454][  0]LogConfig: Setting CVar [[r.DetailMode:2]]
[2024.09.02-03.17.05:454][  0]LogConfig: Setting CVar [[r.TranslucencyVolumeBlur:1]]
[2024.09.02-03.17.05:454][  0]LogConfig: Setting CVar [[r.MaterialQualityLevel:1 ; High quality]]
[2024.09.02-03.17.05:454][  0]LogConfig: Setting CVar [[r.AnisotropicMaterials:1]]
[2024.09.02-03.17.05:454][  0]LogConfig: Setting CVar [[r.SSS.Scale:1]]
[2024.09.02-03.17.05:454][  0]LogConfig: Setting CVar [[r.SSS.SampleSet:2]]
[2024.09.02-03.17.05:454][  0]LogConfig: Setting CVar [[r.SSS.Quality:1]]
[2024.09.02-03.17.05:454][  0]LogConfig: Setting CVar [[r.SSS.HalfRes:0]]
[2024.09.02-03.17.05:454][  0]LogConfig: Setting CVar [[r.SSGI.Quality:3]]
[2024.09.02-03.17.05:454][  0]LogConfig: Setting CVar [[r.EmitterSpawnRateScale:1.0]]
[2024.09.02-03.17.05:454][  0]LogConfig: Setting CVar [[r.ParticleLightQuality:2]]
[2024.09.02-03.17.05:454][  0]LogConfig: Setting CVar [[r.SkyAtmosphere.AerialPerspectiveLUT.FastApplyOnOpaque:1 ; Always have FastSkyLUT 1 in this case to avoid wrong sky]]
[2024.09.02-03.17.05:454][  0]LogConfig: Setting CVar [[r.SkyAtmosphere.AerialPerspectiveLUT.SampleCountMaxPerSlice:4]]
[2024.09.02-03.17.05:454][  0]LogConfig: Setting CVar [[r.SkyAtmosphere.AerialPerspectiveLUT.DepthResolution:16.0]]
[2024.09.02-03.17.05:454][  0]LogConfig: Setting CVar [[r.SkyAtmosphere.FastSkyLUT:1]]
[2024.09.02-03.17.05:454][  0]LogConfig: Setting CVar [[r.SkyAtmosphere.FastSkyLUT.SampleCountMin:4.0]]
[2024.09.02-03.17.05:454][  0]LogConfig: Setting CVar [[r.SkyAtmosphere.FastSkyLUT.SampleCountMax:128.0]]
[2024.09.02-03.17.05:454][  0]LogConfig: Setting CVar [[r.SkyAtmosphere.SampleCountMin:4.0]]
[2024.09.02-03.17.05:454][  0]LogConfig: Setting CVar [[r.SkyAtmosphere.SampleCountMax:128.0]]
[2024.09.02-03.17.05:454][  0]LogConfig: Setting CVar [[r.SkyAtmosphere.TransmittanceLUT.UseSmallFormat:0]]
[2024.09.02-03.17.05:454][  0]LogConfig: Setting CVar [[r.SkyAtmosphere.TransmittanceLUT.SampleCount:10.0]]
[2024.09.02-03.17.05:454][  0]LogConfig: Setting CVar [[r.SkyAtmosphere.MultiScatteringLUT.SampleCount:15.0]]
[2024.09.02-03.17.05:454][  0]LogConfig: Setting CVar [[r.SkyLight.RealTimeReflectionCapture:1]]
[2024.09.02-03.17.05:454][  0]LogConfig: Applying CVar settings from Section [FoliageQuality@3] File [C:/Github/UELess10/Saved/Config/Windows/Scalability.ini]
[2024.09.02-03.17.05:454][  0]LogConfig: Setting CVar [[foliage.DensityScale:1.0]]
[2024.09.02-03.17.05:454][  0]LogConfig: Setting CVar [[grass.DensityScale:1.0]]
[2024.09.02-03.17.05:454][  0]LogConfig: Applying CVar settings from Section [ShadingQuality@3] File [C:/Github/UELess10/Saved/Config/Windows/Scalability.ini]
[2024.09.02-03.17.05:454][  0]LogConfig: Setting CVar [[r.HairStrands.SkyLighting.IntegrationType:2]]
[2024.09.02-03.17.05:454][  0]LogConfig: Setting CVar [[r.HairStrands.SkyAO.SampleCount:4]]
[2024.09.02-03.17.05:454][  0]LogConfig: Setting CVar [[r.HairStrands.Visibility.MSAA.SamplePerPixel:4]]
[2024.09.02-03.17.05:454][  0]LogConfig: Applying CVar settings from Section [Startup] File [../../../Engine/Config/ConsoleVariables.ini]
[2024.09.02-03.17.05:454][  0]LogConfig: Setting CVar [[net.UseAdaptiveNetUpdateFrequency:0]]
[2024.09.02-03.17.05:455][  0]LogConfig: Setting CVar [[p.chaos.AllowCreatePhysxBodies:1]]
[2024.09.02-03.17.05:455][  0]LogConfig: Setting CVar [[fx.SkipVectorVMBackendOptimizations:1]]
[2024.09.02-03.17.05:455][  0]LogConfig: Applying CVar settings from Section [ConsoleVariables] File [C:/Github/UELess10/Saved/Config/Windows/Engine.ini]
[2024.09.02-03.17.05:455][  0]LogConfig: Applying CVar settings from Section [ConsoleVariables] File [C:/Github/UELess10/Saved/Config/Windows/Editor.ini]
[2024.09.02-03.17.05:455][  0]LogInit: Computer: DESKTOP-P1ASVLE
[2024.09.02-03.17.05:455][  0]LogInit: User: pelme
[2024.09.02-03.17.05:455][  0]LogInit: CPU Page size=4096, Cores=12
[2024.09.02-03.17.05:455][  0]LogInit: High frequency timer resolution =10.000000 MHz
[2024.09.02-03.17.05:455][  0]LogMemory: Memory total: Physical=15.9GB (16GB approx)
[2024.09.02-03.17.05:455][  0]LogMemory: Platform Memory Stats for Windows
[2024.09.02-03.17.05:455][  0]LogMemory: Process Physical Memory: 153.79 MB used, 153.79 MB peak
[2024.09.02-03.17.05:455][  0]LogMemory: Process Virtual Memory: 134.00 MB used, 134.00 MB peak
[2024.09.02-03.17.05:455][  0]LogMemory: Physical Memory: 6851.26 MB used,  9437.86 MB free, 16289.12 MB total
[2024.09.02-03.17.05:455][  0]LogMemory: Virtual Memory: 134193976.00 MB used,  23755.28 MB free, 134217728.00 MB total
[2024.09.02-03.17.05:463][  0]LogWindows: WindowsPlatformFeatures enabled
[2024.09.02-03.17.05:538][  0]LogInit: Physics initialised using underlying interface: PhysX
[2024.09.02-03.17.05:539][  0]LogInit: Using OS detected language (ru-RU).
[2024.09.02-03.17.05:539][  0]LogInit: Using OS detected locale (ru-RU).
[2024.09.02-03.17.05:548][  0]LogTextLocalizationManager: No specific localization for 'ru-RU' exists, so the 'ru' localization will be used.
[2024.09.02-03.17.05:548][  0]LogTextLocalizationResource: LocRes '../../../Engine/Content/Localization/Editor/ru/Editor.locres' could not be opened for reading!
[2024.09.02-03.17.05:548][  0]LogTextLocalizationResource: LocRes '../../../Engine/Content/Localization/EditorTutorials/ru/EditorTutorials.locres' could not be opened for reading!
[2024.09.02-03.17.05:548][  0]LogTextLocalizationResource: LocRes '../../../Engine/Content/Localization/Keywords/ru/Keywords.locres' could not be opened for reading!
[2024.09.02-03.17.05:548][  0]LogTextLocalizationResource: LocRes '../../../Engine/Content/Localization/Category/ru/Category.locres' could not be opened for reading!
[2024.09.02-03.17.05:549][  0]LogTextLocalizationResource: LocRes '../../../Engine/Content/Localization/ToolTips/ru/ToolTips.locres' could not be opened for reading!
[2024.09.02-03.17.05:549][  0]LogTextLocalizationResource: LocRes '../../../Engine/Content/Localization/PropertyNames/ru/PropertyNames.locres' could not be opened for reading!
[2024.09.02-03.17.05:549][  0]LogTextLocalizationResource: LocRes '../../../Engine/Content/Localization/Engine/ru/Engine.locres' could not be opened for reading!
[2024.09.02-03.17.05:550][  0]LogInit: Setting process to per monitor DPI aware
[2024.09.02-03.17.05:571][  0]LogWindowsTextInputMethodSystem: Display: IME system deactivated.
[2024.09.02-03.17.05:591][  0]LogSlate: New Slate User Created.  User Index 0, Is Virtual User: 0
[2024.09.02-03.17.05:591][  0]LogSlate: Slate User Registered.  User Index 0, Is Virtual User: 0
[2024.09.02-03.17.05:782][  0]LogD3D11RHI: Loaded GFSDK_Aftermath_Lib.x64.dll
[2024.09.02-03.17.05:787][  0]LogHMD: Failed to initialize OpenVR with code 110
[2024.09.02-03.17.05:787][  0]LogD3D11RHI: D3D11 min allowed feature level: 11_0
[2024.09.02-03.17.05:787][  0]LogD3D11RHI: D3D11 max allowed feature level: 11_0
[2024.09.02-03.17.05:787][  0]LogD3D11RHI: D3D11 adapters:
[2024.09.02-03.17.05:990][  0]LogD3D11RHI:    0. 'NVIDIA GeForce RTX 3060' (Feature Level 11_0)
[2024.09.02-03.17.05:990][  0]LogD3D11RHI:       12115/0/8144 MB DedicatedVideo/DedicatedSystem/SharedSystem, Outputs:2, VendorId:0x10de
[2024.09.02-03.17.05:992][  0]LogD3D11RHI:    1. 'Microsoft Basic Render Driver' (Feature Level 11_0)
[2024.09.02-03.17.05:993][  0]LogD3D11RHI:       0/0/8144 MB DedicatedVideo/DedicatedSystem/SharedSystem, Outputs:0, VendorId:0x1414
[2024.09.02-03.17.05:993][  0]LogD3D11RHI: Chosen D3D11 Adapter:
[2024.09.02-03.17.05:993][  0]LogD3D11RHI:     Description : NVIDIA GeForce RTX 3060
[2024.09.02-03.17.05:993][  0]LogD3D11RHI:     VendorId    : 10de
[2024.09.02-03.17.05:993][  0]LogD3D11RHI:     DeviceId    : 2504
[2024.09.02-03.17.05:993][  0]LogD3D11RHI:     SubSysId    : 153610de
[2024.09.02-03.17.05:993][  0]LogD3D11RHI:     Revision    : 00a1
[2024.09.02-03.17.05:993][  0]LogD3D11RHI:     DedicatedVideoMemory : 12703498240 bytes
[2024.09.02-03.17.05:993][  0]LogD3D11RHI:     DedicatedSystemMemory : 0 bytes
[2024.09.02-03.17.05:993][  0]LogD3D11RHI:     SharedSystemMemory : 8540190720 bytes
[2024.09.02-03.17.05:993][  0]LogD3D11RHI:     AdapterLuid : 0 89336706
[2024.09.02-03.17.05:999][  0]LogD3D11RHI: Creating new Direct3DDevice
[2024.09.02-03.17.06:000][  0]LogD3D11RHI:     GPU DeviceId: 0x2504 (for the marketing name, search the web for "GPU Device Id")
[2024.09.02-03.17.06:000][  0]LogWindows: EnumDisplayDevices:
[2024.09.02-03.17.06:000][  0]LogWindows:    0. 'NVIDIA GeForce RTX 3060' (P:1 D:1)
[2024.09.02-03.17.06:000][  0]LogWindows:    1. 'NVIDIA GeForce RTX 3060' (P:0 D:1)
[2024.09.02-03.17.06:000][  0]LogWindows:    2. 'NVIDIA GeForce RTX 3060' (P:0 D:0)
[2024.09.02-03.17.06:001][  0]LogWindows:    3. 'NVIDIA GeForce RTX 3060' (P:0 D:0)
[2024.09.02-03.17.06:001][  0]LogWindows: DebugString: FoundDriverCount:4 
[2024.09.02-03.17.06:001][  0]LogD3D11RHI:     Adapter Name: NVIDIA GeForce RTX 3060
[2024.09.02-03.17.06:001][  0]LogD3D11RHI:   Driver Version: 560.94 (internal:32.0.15.6094, unified:560.94)
[2024.09.02-03.17.06:001][  0]LogD3D11RHI:      Driver Date: 8-14-2024
[2024.09.02-03.17.06:001][  0]LogRHI: Texture pool is 8480 MB (70% of 12115 MB)
[2024.09.02-03.17.06:001][  0]LogD3D11RHI: Creating D3DDevice using adapter:
[2024.09.02-03.17.06:001][  0]LogD3D11RHI:     Description : NVIDIA GeForce RTX 3060
[2024.09.02-03.17.06:001][  0]LogD3D11RHI:     VendorId    : 10de
[2024.09.02-03.17.06:001][  0]LogD3D11RHI:     DeviceId    : 2504
[2024.09.02-03.17.06:001][  0]LogD3D11RHI:     SubSysId    : 153610de
[2024.09.02-03.17.06:001][  0]LogD3D11RHI:     Revision    : 00a1
[2024.09.02-03.17.06:001][  0]LogD3D11RHI:     DedicatedVideoMemory : 12703498240 bytes
[2024.09.02-03.17.06:001][  0]LogD3D11RHI:     DedicatedSystemMemory : 0 bytes
[2024.09.02-03.17.06:001][  0]LogD3D11RHI:     SharedSystemMemory : 8540190720 bytes
[2024.09.02-03.17.06:001][  0]LogD3D11RHI:     AdapterLuid : 0 89336706
[2024.09.02-03.17.06:160][  0]LogD3D11RHI: RHI has support for 64 bit atomics
[2024.09.02-03.17.06:161][  0]LogD3D11RHI: Async texture creation enabled
[2024.09.02-03.17.06:161][  0]LogD3D11RHI: Array index from any shader is supported
[2024.09.02-03.17.06:198][  0]LogD3D11RHI: GPU Timing Frequency: 1000.000000 (Debug: 2 1)
[2024.09.02-03.17.06:265][  0]LogRHI: GeForceNow SDK initialized: 1
[2024.09.02-03.17.06:732][  0]LogTargetPlatformManager: Display: Loaded TargetPlatform 'AllDesktop'
[2024.09.02-03.17.06:766][  0]LogTargetPlatformManager: Display: Loaded TargetPlatform 'Android'
[2024.09.02-03.17.06:766][  0]LogTargetPlatformManager: Display: Loaded TargetPlatform 'Android_ASTC'
[2024.09.02-03.17.06:766][  0]LogTargetPlatformManager: Display: Loaded TargetPlatform 'Android_DXT'
[2024.09.02-03.17.06:766][  0]LogTargetPlatformManager: Display: Loaded TargetPlatform 'Android_ETC2'
[2024.09.02-03.17.06:766][  0]LogTargetPlatformManager: Display: Loaded TargetPlatform 'AndroidClient'
[2024.09.02-03.17.06:766][  0]LogTargetPlatformManager: Display: Loaded TargetPlatform 'Android_ASTCClient'
[2024.09.02-03.17.06:766][  0]LogTargetPlatformManager: Display: Loaded TargetPlatform 'Android_DXTClient'
[2024.09.02-03.17.06:766][  0]LogTargetPlatformManager: Display: Loaded TargetPlatform 'Android_ETC2Client'
[2024.09.02-03.17.06:766][  0]LogTargetPlatformManager: Display: Loaded TargetPlatform 'Android_Multi'
[2024.09.02-03.17.06:766][  0]LogTargetPlatformManager: Display: Loaded TargetPlatform 'Android_MultiClient'
[2024.09.02-03.17.06:789][  0]LogTargetPlatformManager: Display: Loaded TargetPlatform 'IOSClient'
[2024.09.02-03.17.06:789][  0]LogTargetPlatformManager: Display: Loaded TargetPlatform 'IOS'
[2024.09.02-03.17.06:801][  0]LogTargetPlatformManager: Display: Loaded TargetPlatform 'Linux'
[2024.09.02-03.17.06:806][  0]LogTargetPlatformManager: Display: Loaded TargetPlatform 'LinuxNoEditor'
[2024.09.02-03.17.06:812][  0]LogTargetPlatformManager: Display: Loaded TargetPlatform 'LinuxClient'
[2024.09.02-03.17.06:817][  0]LogTargetPlatformManager: Display: Loaded TargetPlatform 'LinuxServer'
[2024.09.02-03.17.06:829][  0]LogTargetPlatformManager: Display: Loaded TargetPlatform 'LinuxAArch64NoEditor'
[2024.09.02-03.17.06:834][  0]LogTargetPlatformManager: Display: Loaded TargetPlatform 'LinuxAArch64Client'
[2024.09.02-03.17.06:840][  0]LogTargetPlatformManager: Display: Loaded TargetPlatform 'LinuxAArch64Server'
[2024.09.02-03.17.06:870][  0]LogTargetPlatformManager: Display: Loaded TargetPlatform 'Lumin'
[2024.09.02-03.17.06:870][  0]LogTargetPlatformManager: Display: Loaded TargetPlatform 'LuminClient'
[2024.09.02-03.17.06:880][  0]LogTargetPlatformManager: Display: Loaded TargetPlatform 'MacNoEditor'
[2024.09.02-03.17.06:886][  0]LogTargetPlatformManager: Display: Loaded TargetPlatform 'Mac'
[2024.09.02-03.17.06:891][  0]LogTargetPlatformManager: Display: Loaded TargetPlatform 'MacClient'
[2024.09.02-03.17.06:897][  0]LogTargetPlatformManager: Display: Loaded TargetPlatform 'MacServer'
[2024.09.02-03.17.06:909][  0]LogTargetPlatformManager: Display: Loaded TargetPlatform 'TVOSClient'
[2024.09.02-03.17.06:909][  0]LogTargetPlatformManager: Display: Loaded TargetPlatform 'TVOS'
[2024.09.02-03.17.06:921][  0]LogTargetPlatformManager: Display: Loaded TargetPlatform 'WindowsNoEditor'
[2024.09.02-03.17.06:928][  0]LogTargetPlatformManager: Display: Loaded TargetPlatform 'Windows'
[2024.09.02-03.17.06:934][  0]LogTargetPlatformManager: Display: Loaded TargetPlatform 'WindowsClient'
[2024.09.02-03.17.06:940][  0]LogTargetPlatformManager: Display: Loaded TargetPlatform 'WindowsServer'
[2024.09.02-03.17.06:940][  0]LogTargetPlatformManager: Display: Building Assets For Windows
[2024.09.02-03.17.06:950][  0]LogAudioDebug: Display: Lib vorbis DLL was dynamically loaded.
[2024.09.02-03.17.06:993][  0]LogTextureFormatOodle: Display: Oodle Texture 2.9.0 init RDO Off
[2024.09.02-03.17.07:035][  0]LogRendererCore: Ray tracing is disabled. Reason: r.RayTracing=0.
[2024.09.02-03.17.07:036][  0]LogShaderCompilers: Guid format shader working directory is 14 characters bigger than the processId version (../../../../../../Github/UELess10/Intermediate/Shaders/WorkingDirectory/548/).
[2024.09.02-03.17.07:037][  0]LogShaderCompilers: Cleaned the shader compiler working directory 'C:/Users/pelme/AppData/Local/Temp/UnrealShaderWorkingDir/8239808B4F435FF9276E669F0C8305D3/'.
[2024.09.02-03.17.07:037][  0]LogXGEController: Cannot use XGE Controller as Incredibuild is not installed on this machine.
[2024.09.02-03.17.07:037][  0]LogShaderCompilers: Cannot use XGE Shader Compiler as Incredibuild is not installed on this machine.
[2024.09.02-03.17.07:037][  0]LogShaderCompilers: Display: Using Local Shader Compiler.
[2024.09.02-03.17.07:982][  0]LogDerivedDataCache: Display: Max Cache Size: 512 MB
[2024.09.02-03.17.08:060][  0]LogDerivedDataCache: Loaded boot cache 0.08s 94MB C:/Users/pelme/AppData/Local/UnrealEngine/4.27/DerivedDataCache/Boot.ddc.
[2024.09.02-03.17.08:060][  0]LogDerivedDataCache: Display: Loaded Boot cache: C:/Users/pelme/AppData/Local/UnrealEngine/4.27/DerivedDataCache/Boot.ddc
[2024.09.02-03.17.08:061][  0]LogDerivedDataCache: FDerivedDataBackendGraph:  Pak pak cache file ../../../../../../Github/UELess10/DerivedDataCache/DDC.ddp not found, will not use a pak cache.
[2024.09.02-03.17.08:061][  0]LogDerivedDataCache: Unable to find inner node Pak for hierarchical cache Hierarchy.
[2024.09.02-03.17.08:061][  0]LogDerivedDataCache: FDerivedDataBackendGraph:  CompressedPak pak cache file ../../../../../../Github/UELess10/DerivedDataCache/Compressed.ddp not found, will not use a pak cache.
[2024.09.02-03.17.08:061][  0]LogDerivedDataCache: Unable to find inner node CompressedPak for hierarchical cache Hierarchy.
[2024.09.02-03.17.08:081][  0]LogDerivedDataCache: Display: Pak cache opened for reading ../../../Engine/DerivedDataCache/Compressed.ddp.
[2024.09.02-03.17.08:081][  0]LogDerivedDataCache: FDerivedDataBackendGraph:  EnterprisePak pak cache file ../../../Enterprise/DerivedDataCache/Compressed.ddp not found, will not use a pak cache.
[2024.09.02-03.17.08:081][  0]LogDerivedDataCache: Unable to find inner node EnterprisePak for hierarchical cache Hierarchy.
[2024.09.02-03.17.08:088][  0]LogDerivedDataCache: Speed tests for C:/Users/pelme/AppData/Local/UnrealEngine/Common/DerivedDataCache took 0.01 seconds
[2024.09.02-03.17.08:089][  0]LogDerivedDataCache: Display: Performance to C:/Users/pelme/AppData/Local/UnrealEngine/Common/DerivedDataCache: Latency=0.03ms. RandomReadSpeed=819.25MBs, RandomWriteSpeed=163.43MBs. Assigned SpeedClass 'Local'
[2024.09.02-03.17.08:090][  0]LogDerivedDataCache: Using Local data cache path C:/Users/pelme/AppData/Local/UnrealEngine/Common/DerivedDataCache: Writable
[2024.09.02-03.17.08:090][  0]LogDerivedDataCache: Shared data cache path not found in *engine.ini, will not use an Shared cache.
[2024.09.02-03.17.08:090][  0]LogDerivedDataCache: Unable to find inner node Shared for hierarchical cache Hierarchy.
[2024.09.02-03.17.08:148][  0]LogSlate: Using FreeType 2.10.0
[2024.09.02-03.17.08:148][  0]LogSlate: SlateFontServices - WITH_FREETYPE: 1, WITH_HARFBUZZ: 1
[2024.09.02-03.17.08:184][  0]LogAssetRegistry: FAssetRegistry took 0.0041 seconds to start up
[2024.09.02-03.17.08:472][  0]LogInit: Selected Device Profile: [Windows]
[2024.09.02-03.17.08:472][  0]LogInit: Active device profile: [0000028F26E7B500][0000028F1E99B780 49] Windows
[2024.09.02-03.17.08:472][  0]LogInit: Profiles: [0000028F26E7B500][0000028F1E99B780 49] Windows, [0000028F26E34D00][0000028F1E9A3900 49] WindowsNoEditor, [0000028F26E78D00][0000028F0EFC7A80 49] WindowsServer, [0000028F26E36F00][0000028F0EFCBC00 49] WindowsClient, [0000028F26E7AE00][0000028F0EFCE200 49] IOS, [0000028F26E35400][0000028F1E99E340 49] iPadAir, [0000028F26E79300][0000028F0EFD2480 49] iPadAir2, [0000028F26DE4100][0000028F0EFDA6C0 49] IPadPro, [0000028F26DE4200][0000028F0EFD6700 49] iPadAir3, [0000028F26E7AA00][0000028F0EFE2880 49] iPadAir4, [0000028F26DE6E00][0000028F0EFE6A00 49] iPadMini2, [0000028F26E79600][0000028F0EFEAB80 49] iPadMini3, [0000028F26DE5700][0000028F0EFEED00 49] iPadMini4, [0000028F26E7B700][0000028F0EFF2E80 49] iPadMini5, [0000028F26DD7900][0000028F27377140 49] iPhone6, [0000028F26DD7A00][0000028F27373180 49] iPodTouch6, [0000028F26DE6A00][0000028F2737F440 49] iPhone7, [0000028F26DE6900][0000028F2737B480 49] iPodTouch7, [0000028F26DD5100][0000028F27383600 49] iPhone5S, [0000028F26DE7B00][0000028F27387780 49] iPhone6Plus, [0000028F26DD6A00][0000028F2738B900 49] iPhone6S, [0000028F26DE4500][0000028F2738FA80 49] iPhone6SPlus, [0000028F26DD5700][0000028F27393C00 49] iPhone7Plus, [0000028F26DE4400][0000028F27396200 49] iPhoneSE, [0000028F26DD7C00][0000028F2739A380 49] iPhone8, [0000028F26DE4D00][0000028F2739E500 49] iPhone8Plus, [0000028F26DD5000][0000028F0EFDE640 49] iPhoneX, [0000028F26DE6500][0000028F273A2780 49] iPhoneXS, [0000028F26DD4500][0000028F273A68C0 49] iPhoneXSMax, [0000028F26DE7900][0000028F273AEA40 49] iPhoneXR, [0000028F26DD5300][0000028F273B2BC0 49] iPhone11, [0000028F26DE7500][0000028F273B6D40 49] iPhone11Pro, [0000028F26DD6C00][0000028F273BAEC0 49] iPhone11ProMax, [0000028F26DE5000][0000028F273BF040 49] iPhoneSE2, [0000028F26DD7500][0000028F273C31C0 49] iPhone12Mini, [0000028F26DE6D00][0000028F273C7340 49] iPhone12, [0000028F26DD7F00][0000028F273CB4C0 49] iPhone12Pro, [0000028F26DE7700][0000028F273CF640 49] iPhone12ProMax, [0000028F26DD6600][0000028F273D37C0 49] iPadPro105, [0000028F26DE5300][0000028F273D7940 49] iPadPro129, [0000028F26DD4B00][0000028F273DBAC0 49] iPadPro97, [0000028F26DE5100][0000028F273DE0C0 49] iPadPro2_129, [0000028F26DD6B00][0000028F273E2240 49] iPad5, [0000028F26DE7400][0000028F273E63C0 49] iPad6, [0000028F26DD4E00][0000028F273EA540 49] iPad7, [0000028F26DE6800][0000028F273EE6C0 49] iPad8, [0000028F26DD7800][0000028F273AA800 49] iPadPro11, [0000028F26DE4900][0000028F273F2940 49] iPadPro2_11, [0000028F26DD4600][0000028F273F6A80 49] iPadPro3_129, [0000028F26DE6F00][0000028F273FABC0 49] iPadPro4_129, [0000028F26DD6800][0000028F27402D40 49] AppleTV, [0000028F26DE5200][0000028F27406EC0 49] AppleTV4K, [0000028F26DD4800][0000028F2740B040 49] TVOS, [0000028F26DE5900][0000028F2740F1C0 49] Mac, [0000028F26DD5200][0000028F27413340 49] MacClient, [0000028F26DE5800][0000028F274174C0 49] MacNoEditor, [0000028F26DD5A00][0000028F2741B640 49] MacServer, [0000028F26DE4600][0000028F274317C0 49] Linux, [0000028F26DD6900][0000028F274A1940 49] LinuxAArch64, [0000028F26DE4A00][0000028F274A5AC0 49] LinuxNoEditor, [0000028F26DD5500][0000028F274B80C0 49] LinuxAArch64NoEditor, [0000028F26DE5F00][0000028F274FC240 49] LinuxClient, [0000028F26E37D00][0000028F275003C0 49] LinuxAArch64Client, [0000028F26ECA000][0000028F27504540 49] LinuxServer, [0000028F26E34500][0000028F275086C0 49] LinuxAArch64Server, [0000028F26EC9000][0000028F2751C840 49] Android, [0000028F26E35F00][0000028F273FE980 49] Android_Low, [0000028F26EC8500][0000028F27540AC0 49] Android_Mid, [0000028F26E34200][0000028F27558C00 49] Android_High, [0000028F26EC9300][0000028F27560D40 49] Android_Default, [0000028F26E35100][0000028F275E6EC0 49] Android_Adreno4xx, [0000028F26EC8F00][0000028F275EB040 49] Android_Adreno5xx_Low, [0000028F26E37800][0000028F275F31C0 49] Android_Adreno5xx, [0000028F26EC9D00][0000028F27685340 49] Android_Adreno6xx, [0000028F26E36400][0000028F207594C0 49] Android_Adreno6xx_Vulkan, [0000028F26EC8D00][0000028F2075D640 49] Android_Mali_T6xx, [0000028F26E37100][0000028F207617C0 49] Android_Mali_T7xx, [0000028F26EC9500][0000028F20765940 49] Android_Mali_T8xx, [0000028F26E34600][0000028F20769AC0 49] Android_Mali_G71, [0000028F26EC8600][0000028F2076C0C0 49] Android_Mali_G72, [0000028F26E36000][0000028F2077C240 49] Android_Mali_G72_Vulkan, [0000028F26EC9100][0000028F207843C0 49] Android_Mali_G76, [0000028F26E36900][0000028F20788540 49] Android_Mali_G76_Vulkan, [0000028F26EC9600][0000028F2602E6C0 49] Android_Mali_G77, [0000028F26E34300][0000028F26036840 49] Android_Mali_G77_Vulkan, [0000028F26EC8900][0000028F2603E9C0 49] Android_Mali_G78, [0000028F26DE5C00][0000028F207ACB40 49] Android_Mali_G78_Vulkan, [0000028F26DD5E00][0000028F275E2C80 49] Android_Mali_G710, [0000028F26DE6B00][0000028F1EDA0DC0 49] Android_Mali_G710_Vulkan, [0000028F26DD7B00][0000028F1EDA4F00 49] Android_Vulkan_SM5, [0000028F26DE6700][0000028F1EDCD080 49] Android_PowerVR_G6xxx, [0000028F26DD4F00][0000028F1EDD1200 49] Android_PowerVR_GT7xxx, [0000028F26DE4E00][0000028F1EDD5380 49] Android_PowerVR_GE8xxx, [0000028F26DD5600][0000028F275D3500 49] Android_PowerVR_GM9xxx, [0000028F26DE7000][0000028F275D7680 49] Android_PowerVR_GM9xxx_Vulkan, [0000028F26DD6400][0000028F275DB800 49] Android_TegraK1, [0000028F26DE7E00][0000028F275DF980 49] Android_Unknown_Vulkan, [0000028F26DD6F00][0000028F27485B00 49] Lumin, [0000028F26EC8300][0000028F27488100 49] Lumin_Desktop, [0000028F26DD5800][0000028F2748C280 49] HoloLens, 
[2024.09.02-03.17.08:636][  0]LogMeshReduction: Using QuadricMeshReduction for automatic static mesh reduction
[2024.09.02-03.17.08:636][  0]LogMeshReduction: Using SimplygonMeshReduction for automatic skeletal mesh reduction
[2024.09.02-03.17.08:636][  0]LogMeshReduction: Using ProxyLODMeshReduction for automatic mesh merging
[2024.09.02-03.17.08:636][  0]LogMeshReduction: No distributed automatic mesh merging module available
[2024.09.02-03.17.08:636][  0]LogMeshMerging: No distributed automatic mesh merging module available
[2024.09.02-03.17.08:662][  0]LogNetVersion: UELess10 1.0.0, NetCL: 17155196, EngineNetVer: 17, GameNetVer: 0 (Checksum: 1960171948)
[2024.09.02-03.17.09:175][  0]LogTexture: Default maximum texture size for cubemaps generated from long-lat sources has been changed from 512 to unlimited. In order to preserve old behaiour for '/Engine/MapTemplates/Sky/DaylightAmbientCubemap.DaylightAmbientCubemap', its maximum texture size has been explicitly set to 512.
[2024.09.02-03.17.09:278][  0]LogHMD: PokeAHoleMaterial loaded successfully
[2024.09.02-03.17.09:284][  0]LogUObjectArray: 17178 objects as part of root set at end of initial load.
[2024.09.02-03.17.09:284][  0]LogUObjectAllocator: 4302048 out of 0 bytes used by permanent object pool.
[2024.09.02-03.17.09:284][  0]LogUObjectArray: CloseDisregardForGC: 0/0 objects in disregard for GC pool
[2024.09.02-03.17.09:486][  0]LogNiagaraDebuggerClient: Niagara Debugger Client Initialized | Session: A03FD6884CAA72CB64DFAD887E11AFB5 | Instance: C10040CB45EAEAC56B1160AEEA460B93 (DESKTOP-P1ASVLE-548).
[2024.09.02-03.17.09:777][  0]LogPython: Using Python 3.7.7
[2024.09.02-03.17.10:456][  0]LogUdpMessaging: Initializing bridge on interface 0.0.0.0:0 to multicast group 230.0.0.1:6666.
[2024.09.02-03.17.10:477][  0]LogTcpMessaging: Initializing TcpMessaging bridge
[2024.09.02-03.17.10:557][  0]LogLinker: Warning: Failed to load '/Game/TopDownBP/TopDownOverview': Can't find file.
[2024.09.02-03.17.10:557][  0]LogLinker: Warning: Failed to load '/Game/TopDownBP/TopDownOverview': Can't find file.
[2024.09.02-03.17.10:557][  0]LogUObjectGlobals: Warning: Failed to find object 'Class /Game/TopDownBP/TopDownOverview.TopDownOverview_C'
[2024.09.02-03.17.10:669][  0]SourceControl: Source control is disabled
[2024.09.02-03.17.10:669][  0]SourceControl: Source control is disabled
[2024.09.02-03.17.10:673][  0]SourceControl: Source control is disabled
[2024.09.02-03.17.10:686][  0]SourceControl: Source control is disabled
[2024.09.02-03.17.10:696][  0]LogUProjectInfo: Found projects:
[2024.09.02-03.17.10:719][  0]SourceControl: Source control is disabled
[2024.09.02-03.17.10:986][  0]LogOpenImageDenoise: OIDN starting up
[2024.09.02-03.17.11:048][  0]LogAudioCaptureCore: Display: No Audio Capture implementations found. Audio input will be silent.
[2024.09.02-03.17.11:048][  0]LogAudioCaptureCore: Display: No Audio Capture implementations found. Audio input will be silent.
[2024.09.02-03.17.11:057][  0]LogAndroidPermission: UAndroidPermissionCallbackProxy::GetInstance
[2024.09.02-03.17.11:237][  0]LogCollectionManager: Loaded 0 collections in 0.002362 seconds
[2024.09.02-03.17.11:268][  0]LogFileCache: Scanning file cache for directory 'C:/Github/UELess10/Saved/Collections/' took 0.00s
[2024.09.02-03.17.11:268][  0]LogFileCache: Scanning file cache for directory 'C:/Github/UELess10/Content/Developers/pelme/Collections/' took 0.00s
[2024.09.02-03.17.11:268][  0]LogFileCache: Scanning file cache for directory 'C:/Github/UELess10/Content/Collections/' took 0.00s
[2024.09.02-03.17.11:268][  0]LogOcInput: OculusInput pre-init called
[2024.09.02-03.17.11:584][  0]LogEngine: Initializing Engine...
[2024.09.02-03.17.11:595][  0]LogHMD: Failed to enumerate extensions. Please check that you have a valid OpenXR runtime installed.
[2024.09.02-03.17.11:595][  0]LogHMD: Failed to initialize OpenVR with code 110
[2024.09.02-03.17.11:596][  0]LogMagicLeap: Warning: VR disabled because ZI is not enabled.  To enable, in the editor, Edit -> Project Settings -> Plugins -> Magic Leap Plugin -> Enable Zero Iteration
[2024.09.02-03.17.11:598][  0]LogStats: UGameplayTagsManager::InitializeManager -  0.000 s
[2024.09.02-03.17.11:761][  0]LogInit: Initializing FReadOnlyCVARCache
[2024.09.02-03.17.11:774][  0]LogAIModule: Creating AISystem for world Untitled
[2024.09.02-03.17.11:799][  0]LogAudio: Display: Initializing Audio Device Manager...
[2024.09.02-03.17.11:809][  0]LogAudio: Display: Loading Default Audio Settings Objects...
[2024.09.02-03.17.11:811][  0]LogAudio: Display: No default SoundConcurrencyObject specified (or failed to load).
[2024.09.02-03.17.11:812][  0]LogAudio: Display: Audio Device Manager Initialized
[2024.09.02-03.17.11:812][  0]LogAudio: Display: Creating Audio Device:                 Id: 1, Scope: Shared, Realtime: True
[2024.09.02-03.17.11:812][  0]LogAudioMixer: Display: Audio Mixer Platform Settings:
[2024.09.02-03.17.11:812][  0]LogAudioMixer: Display: 	Sample Rate:						  48000
[2024.09.02-03.17.11:812][  0]LogAudioMixer: Display: 	Callback Buffer Frame Size Requested: 1024
[2024.09.02-03.17.11:812][  0]LogAudioMixer: Display: 	Callback Buffer Frame Size To Use:	  1024
[2024.09.02-03.17.11:812][  0]LogAudioMixer: Display: 	Number of buffers to queue:			  2
[2024.09.02-03.17.11:812][  0]LogAudioMixer: Display: 	Max Channels (voices):				  32
[2024.09.02-03.17.11:812][  0]LogAudioMixer: Display: 	Number of Async Source Workers:		  0
[2024.09.02-03.17.11:812][  0]LogAudio: Display: AudioDevice MaxSources: 32
[2024.09.02-03.17.11:813][  0]LogAudio: Display: Audio Spatialization Plugin: None (built-in).
[2024.09.02-03.17.11:813][  0]LogAudio: Display: Audio Reverb Plugin: None (built-in).
[2024.09.02-03.17.11:813][  0]LogAudio: Display: Audio Occlusion Plugin: None (built-in).
[2024.09.02-03.17.11:813][  0]LogAudioMixer: Display: Initializing audio mixer.
[2024.09.02-03.17.11:847][  0]LogAudioMixer: Display: 0: FrontLeft
[2024.09.02-03.17.11:847][  0]LogAudioMixer: Display: 1: FrontRight
[2024.09.02-03.17.11:874][  0]LogAudioMixer: Display: Using Audio Device Наушники (EDIFIER W800BT Plus Stereo)
[2024.09.02-03.17.11:885][  0]LogAudioMixer: Display: Initializing Sound Submixes...
[2024.09.02-03.17.11:891][  0]LogAudioMixer: Display: Creating Master Submix 'MasterSubmixDefault'
[2024.09.02-03.17.11:891][  0]LogAudioMixer: Display: Creating Master Submix 'MasterReverbSubmixDefault'
[2024.09.02-03.17.11:892][  0]LogAudioMixer: Display: Creating Master Submix 'MasterEQSubmixDefault'
[2024.09.02-03.17.11:892][  0]LogAudioMixer: FMixerPlatformXAudio2::StartAudioStream() called
[2024.09.02-03.17.11:892][  0]LogAudioMixer: Display: Output buffers initialized: Frames=1024, Channels=2, Samples=2048
[2024.09.02-03.17.11:894][  0]LogAudioMixer: Display: Starting AudioMixerPlatformInterface::RunInternal()
[2024.09.02-03.17.11:894][  0]LogAudioMixer: Display: FMixerPlatformXAudio2::SubmitBuffer() called for the first time
[2024.09.02-03.17.11:894][  0]LogInit: FAudioDevice initialized.
[2024.09.02-03.17.11:895][  0]LogAudio: Display: Audio Device (ID: 1) registered with world 'Untitled'.
[2024.09.02-03.17.11:895][  0]LogNetVersion: Set ProjectVersion to 1.0.0.0. Version Checksum will be recalculated on next use.
[2024.09.02-03.17.11:965][  0]LogDerivedDataCache: Saved boot cache 0.07s 94MB C:/Users/pelme/AppData/Local/UnrealEngine/4.27/DerivedDataCache/Boot.ddc.
[2024.09.02-03.17.11:966][  0]LogInit: Texture streaming: Enabled
[2024.09.02-03.17.11:981][  0]LogAnalytics: Display: [UEEditor.Rocket.Release] APIServer = https://datarouter.ol.epicgames.com/. AppVersion = 4.27.2-18319896+++UE4+Release-4.27
[2024.09.02-03.17.11:986][  0]LogEngineSessionManager: EngineSessionManager initialized
[2024.09.02-03.17.11:986][  0]LogEditorSessionSummary: Verbose: Initializing EditorSessionSummaryWriter for editor session tracking
[2024.09.02-03.17.11:989][  0]LogEditorSessionSummary: EditorSessionSummaryWriter initialized
[2024.09.02-03.17.12:028][  0]LogInit: Transaction tracking system initialized
[2024.09.02-03.17.12:062][  0]BlueprintLog: New page: Editor Load
[2024.09.02-03.17.12:153][  0]LocalizationService: Localization service is disabled
[2024.09.02-03.17.12:191][  0]TimingProfiler: Initialize
[2024.09.02-03.17.12:191][  0]TimingProfiler: OnSessionChanged
[2024.09.02-03.17.12:192][  0]LoadingProfiler: Initialize
[2024.09.02-03.17.12:192][  0]LoadingProfiler: OnSessionChanged
[2024.09.02-03.17.12:192][  0]NetworkingProfiler: Initialize
[2024.09.02-03.17.12:192][  0]NetworkingProfiler: OnSessionChanged
[2024.09.02-03.17.12:192][  0]MemoryProfiler: Initialize
[2024.09.02-03.17.12:192][  0]MemoryProfiler: OnSessionChanged
[2024.09.02-03.17.12:402][  0]LogCook: Display: CookSettings for Memory: MemoryMaxUsedVirtual 0MiB, MemoryMaxUsedPhysical 16384MiB, MemoryMinFreeVirtual 0MiB, MemoryMinFreePhysical 1024MiB
[2024.09.02-03.17.12:402][  0]LogCook: Display: Mobile HDR setting 1
[2024.09.02-03.17.12:629][  0]LogFileCache: Scanning file cache for directory 'C:/Github/UELess10/Content/' took 0.01s
[2024.09.02-03.17.12:843][  0]LogInit: Display: Engine is initialized. Leaving FEngineLoop::Init()
[2024.09.02-03.17.12:848][  0]SourceControl: Source control is disabled
[2024.09.02-03.17.12:848][  0]LogUnrealEdMisc: Loading editor; pre map load, took 9.257
[2024.09.02-03.17.12:848][  0]Cmd: MAP LOAD FILE="../../../../../../Github/UELess10/Content/Arcanoid/Levels/Level_1.umap" TEMPLATE=0 SHOWPROGRESS=1 FEATURELEVEL=3
[2024.09.02-03.17.12:848][  0]LightingResults: New page: Lighting Build
[2024.09.02-03.17.12:850][  0]LogWorld: UWorld::CleanupWorld for Untitled, bSessionEnded=true, bCleanupResources=true
[2024.09.02-03.17.12:851][  0]LogSlate: InvalidateAllWidgets triggered.  All widgets were invalidated
[2024.09.02-03.17.12:851][  0]MapCheck: New page: Map Check
[2024.09.02-03.17.12:851][  0]LightingResults: New page: Lighting Build
[2024.09.02-03.17.12:856][  0]LogAudio: Display: Audio Device unregistered from world 'None'.
[2024.09.02-03.17.12:860][  0]LogUObjectHash: Compacting FUObjectHashTables data took   1.06ms
[2024.09.02-03.17.16:303][  0]LogWindows: Error: === Critical error: ===
[2024.09.02-03.17.16:303][  0]LogWindows: Error: 
[2024.09.02-03.17.16:303][  0]LogWindows: Error: Fatal error!
[2024.09.02-03.17.16:303][  0]LogWindows: Error: 
[2024.09.02-03.17.16:303][  0]LogWindows: Error: Unhandled Exception: EXCEPTION_STACK_OVERFLOW
[2024.09.02-03.17.16:303][  0]LogWindows: Error: 
[2024.09.02-03.17.16:303][  0]LogWindows: Error: [Callstack] 0x00007ffbc6ac4da9 UE4Editor-CoreUObject.dll!UnknownFunction []
[2024.09.02-03.17.16:303][  0]LogWindows: Error: [Callstack] 0x00007ffbc6ac38c7 UE4Editor-CoreUObject.dll!UnknownFunction []
[2024.09.02-03.17.16:303][  0]LogWindows: Error: [Callstack] 0x00007ffbc6a70602 UE4Editor-CoreUObject.dll!UnknownFunction []
[2024.09.02-03.17.16:303][  0]LogWindows: Error: [Callstack] 0x00007ffbc6a72b1b UE4Editor-CoreUObject.dll!UnknownFunction []
[2024.09.02-03.17.16:303][  0]LogWindows: Error: [Callstack] 0x00007ffbc6a98bbc UE4Editor-CoreUObject.dll!UnknownFunction []
[2024.09.02-03.17.16:303][  0]LogWindows: Error: [Callstack] 0x00007ffbc6bacd66 UE4Editor-CoreUObject.dll!UnknownFunction []
[2024.09.02-03.17.16:303][  0]LogWindows: Error: [Callstack] 0x00007ffbc6a6790d UE4Editor-CoreUObject.dll!UnknownFunction []
[2024.09.02-03.17.16:303][  0]LogWindows: Error: [Callstack] 0x00007ffbc6ac52d2 UE4Editor-CoreUObject.dll!UnknownFunction []
[2024.09.02-03.17.16:303][  0]LogWindows: Error: [Callstack] 0x00007ffbc6ac38c7 UE4Editor-CoreUObject.dll!UnknownFunction []
[2024.09.02-03.17.16:303][  0]LogWindows: Error: [Callstack] 0x00007ffbc6ac539d UE4Editor-CoreUObject.dll!UnknownFunction []
[2024.09.02-03.17.16:303][  0]LogWindows: Error: [Callstack] 0x00007ffbc6ac38c7 UE4Editor-CoreUObject.dll!UnknownFunction []
[2024.09.02-03.17.16:303][  0]LogWindows: Error: [Callstack] 0x00007ffbc6a73969 UE4Editor-CoreUObject.dll!UnknownFunction []
[2024.09.02-03.17.16:303][  0]LogWindows: Error: [Callstack] 0x00007ffbc6a96ae0 UE4Editor-CoreUObject.dll!UnknownFunction []
[2024.09.02-03.17.16:303][  0]LogWindows: Error: [Callstack] 0x00007ffbc6a70b56 UE4Editor-CoreUObject.dll!UnknownFunction []
[2024.09.02-03.17.16:303][  0]LogWindows: Error: [Callstack] 0x00007ffbc6a72b1b UE4Editor-CoreUObject.dll!UnknownFunction []
[2024.09.02-03.17.16:303][  0]LogWindows: Error: [Callstack] 0x00007ffbc6a98bbc UE4Editor-CoreUObject.dll!UnknownFunction []
[2024.09.02-03.17.16:303][  0]LogWindows: Error: [Callstack] 0x00007ffbc6bacd66 UE4Editor-CoreUObject.dll!UnknownFunction []
[2024.09.02-03.17.16:303][  0]LogWindows: Error: [Callstack] 0x00007ffbc6a6790d UE4Editor-CoreUObject.dll!UnknownFunction []
[2024.09.02-03.17.16:303][  0]LogWindows: Error: [Callstack] 0x00007ffbc6ac52d2 UE4Editor-CoreUObject.dll!UnknownFunction []
[2024.09.02-03.17.16:303][  0]LogWindows: Error: [Callstack] 0x00007ffbc6ac38c7 UE4Editor-CoreUObject.dll!UnknownFunction []
[2024.09.02-03.17.16:303][  0]LogWindows: Error: [Callstack] 0x00007ffbc6ac539d UE4Editor-CoreUObject.dll!UnknownFunction []
[2024.09.02-03.17.16:303][  0]LogWindows: Error: [Callstack] 0x00007ffbc6ac38c7 UE4Editor-CoreUObject.dll!UnknownFunction []
[2024.09.02-03.17.16:303][  0]LogWindows: Error: [Callstack] 0x00007ffbc6a70602 UE4Editor-CoreUObject.dll!UnknownFunction []
[2024.09.02-03.17.16:303][  0]LogWindows: Error: [Callstack] 0x00007ffbc6a72b1b UE4Editor-CoreUObject.dll!UnknownFunction []
[2024.09.02-03.17.16:303][  0]LogWindows: Error: [Callstack] 0x00007ffbc6a98bbc UE4Editor-CoreUObject.dll!UnknownFunction []
[2024.09.02-03.17.16:303][  0]LogWindows: Error: [Callstack] 0x00007ffbc6bacd66 UE4Editor-CoreUObject.dll!UnknownFunction []
[2024.09.02-03.17.16:303][  0]LogWindows: Error: [Callstack] 0x00007ffbc6a6790d UE4Editor-CoreUObject.dll!UnknownFunction []
[2024.09.02-03.17.16:303][  0]LogWindows: Error: [Callstack] 0x00007ffbc6ac52d2 UE4Editor-CoreUObject.dll!UnknownFunction []
[2024.09.02-03.17.16:303][  0]LogWindows: Error: [Callstack] 0x00007ffbc6ac38c7 UE4Editor-CoreUObject.dll!UnknownFunction []
[2024.09.02-03.17.16:303][  0]LogWindows: Error: [Callstack] 0x00007ffbc6ac539d UE4Editor-CoreUObject.dll!UnknownFunction []
[2024.09.02-03.17.16:303][  0]LogWindows: Error: [Callstack] 0x00007ffbc6ac38c7 UE4Editor-CoreUObject.dll!UnknownFunction []
[2024.09.02-03.17.16:303][  0]LogWindows: Error: [Callstack] 0x00007ffbc6a73969 UE4Editor-CoreUObject.dll!UnknownFunction []
[2024.09.02-03.17.16:303][  0]LogWindows: Error: [Callstack] 0x00007ffbc6a96ae0 UE4Editor-CoreUObject.dll!UnknownFunction []
[2024.09.02-03.17.16:303][  0]LogWindows: Error: [Callstack] 0x00007ffbc6a70b56 UE4Editor-CoreUObject.dll!UnknownFunction []
[2024.09.02-03.17.16:303][  0]LogWindows: Error: [Callstack] 0x00007ffbc6a72b1b UE4Editor-CoreUObject.dll!UnknownFunction []
[2024.09.02-03.17.16:303][  0]LogWindows: Error: [Callstack] 0x00007ffbc6a98bbc UE4Editor-CoreUObject.dll!UnknownFunction []
[2024.09.02-03.17.16:303][  0]LogWindows: Error: [Callstack] 0x00007ffbc6bacd66 UE4Editor-CoreUObject.dll!UnknownFunction []
[2024.09.02-03.17.16:303][  0]LogWindows: Error: [Callstack] 0x00007ffbc6a6790d UE4Editor-CoreUObject.dll!UnknownFunction []
[2024.09.02-03.17.16:304][  0]LogWindows: Error: [Callstack] 0x00007ffbc6ac52d2 UE4Editor-CoreUObject.dll!UnknownFunction []
[2024.09.02-03.17.16:304][  0]LogWindows: Error: [Callstack] 0x00007ffbc6ac38c7 UE4Editor-CoreUObject.dll!UnknownFunction []
[2024.09.02-03.17.16:304][  0]LogWindows: Error: [Callstack] 0x00007ffbc6ac539d UE4Editor-CoreUObject.dll!UnknownFunction []
[2024.09.02-03.17.16:304][  0]LogWindows: Error: [Callstack] 0x00007ffbc6ac38c7 UE4Editor-CoreUObject.dll!UnknownFunction []
[2024.09.02-03.17.16:304][  0]LogWindows: Error: [Callstack] 0x00007ffbc6a70602 UE4Editor-CoreUObject.dll!UnknownFunction []
[2024.09.02-03.17.16:304][  0]LogWindows: Error: [Callstack] 0x00007ffbc6a72b1b UE4Editor-CoreUObject.dll!UnknownFunction []
[2024.09.02-03.17.16:304][  0]LogWindows: Error: [Callstack] 0x00007ffbc6a98bbc UE4Editor-CoreUObject.dll!UnknownFunction []
[2024.09.02-03.17.16:304][  0]LogWindows: Error: [Callstack] 0x00007ffbc6bacd66 UE4Editor-CoreUObject.dll!UnknownFunction []
[2024.09.02-03.17.16:304][  0]LogWindows: Error: [Callstack] 0x00007ffbc6a6790d UE4Editor-CoreUObject.dll!UnknownFunction []
[2024.09.02-03.17.16:304][  0]LogWindows: Error: [Callstack] 0x00007ffbc6ac52d2 UE4Editor-CoreUObject.dll!UnknownFunction []
[2024.09.02-03.17.16:304][  0]LogWindows: Error: [Callstack] 0x00007ffbc6ac38c7 UE4Editor-CoreUObject.dll!UnknownFunction []
[2024.09.02-03.17.16:304][  0]LogWindows: Error: [Callstack] 0x00007ffbc6ac539d UE4Editor-CoreUObject.dll!UnknownFunction []
[2024.09.02-03.17.16:304][  0]LogWindows: Error: [Callstack] 0x00007ffbc6ac38c7 UE4Editor-CoreUObject.dll!UnknownFunction []
[2024.09.02-03.17.16:304][  0]LogWindows: Error: [Callstack] 0x00007ffbc6a73969 UE4Editor-CoreUObject.dll!UnknownFunction []
[2024.09.02-03.17.16:304][  0]LogWindows: Error: [Callstack] 0x00007ffbc6a96ae0 UE4Editor-CoreUObject.dll!UnknownFunction []
[2024.09.02-03.17.16:304][  0]LogWindows: Error: [Callstack] 0x00007ffbc6a70b56 UE4Editor-CoreUObject.dll!UnknownFunction []
[2024.09.02-03.17.16:304][  0]LogWindows: Error: [Callstack] 0x00007ffbc6a72b1b UE4Editor-CoreUObject.dll!UnknownFunction []
[2024.09.02-03.17.16:304][  0]LogWindows: Error: [Callstack] 0x00007ffbc6a98bbc UE4Editor-CoreUObject.dll!UnknownFunction []
[2024.09.02-03.17.16:304][  0]LogWindows: Error: [Callstack] 0x00007ffbc6bacd66 UE4Editor-CoreUObject.dll!UnknownFunction []
[2024.09.02-03.17.16:304][  0]LogWindows: Error: [Callstack] 0x00007ffbc6a6790d UE4Editor-CoreUObject.dll!UnknownFunction []
[2024.09.02-03.17.16:304][  0]LogWindows: Error: [Callstack] 0x00007ffbc6ac52d2 UE4Editor-CoreUObject.dll!UnknownFunction []
[2024.09.02-03.17.16:304][  0]LogWindows: Error: [Callstack] 0x00007ffbc6ac38c7 UE4Editor-CoreUObject.dll!UnknownFunction []
[2024.09.02-03.17.16:304][  0]LogWindows: Error: [Callstack] 0x00007ffbc6ac539d UE4Editor-CoreUObject.dll!UnknownFunction []
[2024.09.02-03.17.16:304][  0]LogWindows: Error: [Callstack] 0x00007ffbc6ac38c7 UE4Editor-CoreUObject.dll!UnknownFunction []
[2024.09.02-03.17.16:304][  0]LogWindows: Error: [Callstack] 0x00007ffbc6a70602 UE4Editor-CoreUObject.dll!UnknownFunction []
[2024.09.02-03.17.16:304][  0]LogWindows: Error: [Callstack] 0x00007ffbc6a72b1b UE4Editor-CoreUObject.dll!UnknownFunction []
[2024.09.02-03.17.16:304][  0]LogWindows: Error: [Callstack] 0x00007ffbc6a98bbc UE4Editor-CoreUObject.dll!UnknownFunction []
[2024.09.02-03.17.16:304][  0]LogWindows: Error: [Callstack] 0x00007ffbc6bacd66 UE4Editor-CoreUObject.dll!UnknownFunction []
[2024.09.02-03.17.16:304][  0]LogWindows: Error: [Callstack] 0x00007ffbc6a6790d UE4Editor-CoreUObject.dll!UnknownFunction []
[2024.09.02-03.17.16:304][  0]LogWindows: Error: [Callstack] 0x00007ffbc6ac52d2 UE4Editor-CoreUObject.dll!UnknownFunction []
[2024.09.02-03.17.16:304][  0]LogWindows: Error: [Callstack] 0x00007ffbc6ac38c7 UE4Editor-CoreUObject.dll!UnknownFunction []
[2024.09.02-03.17.16:304][  0]LogWindows: Error: [Callstack] 0x00007ffbc6ac539d UE4Editor-CoreUObject.dll!UnknownFunction []
[2024.09.02-03.17.16:304][  0]LogWindows: Error: [Callstack] 0x00007ffbc6ac38c7 UE4Editor-CoreUObject.dll!UnknownFunction []
[2024.09.02-03.17.16:304][  0]LogWindows: Error: [Callstack] 0x00007ffbc6a73969 UE4Editor-CoreUObject.dll!UnknownFunction []
[2024.09.02-03.17.16:304][  0]LogWindows: Error: [Callstack] 0x00007ffbc6a96ae0 UE4Editor-CoreUObject.dll!UnknownFunction []
[2024.09.02-03.17.16:304][  0]LogWindows: Error: [Callstack] 0x00007ffbc6a70b56 UE4Editor-CoreUObject.dll!UnknownFunction []
[2024.09.02-03.17.16:304][  0]LogWindows: Error: [Callstack] 0x00007ffbc6a72b1b UE4Editor-CoreUObject.dll!UnknownFunction []
[2024.09.02-03.17.16:304][  0]LogWindows: Error: [Callstack] 0x00007ffbc6a98bbc UE4Editor-CoreUObject.dll!UnknownFunction []
[2024.09.02-03.17.16:304][  0]LogWindows: Error: [Callstack] 0x00007ffbc6bacd66 UE4Editor-CoreUObject.dll!UnknownFunction []
[2024.09.02-03.17.16:304][  0]LogWindows: Error: [Callstack] 0x00007ffbc6a6790d UE4Editor-CoreUObject.dll!UnknownFunction []
[2024.09.02-03.17.16:304][  0]LogWindows: Error: [Callstack] 0x00007ffbc6ac52d2 UE4Editor-CoreUObject.dll!UnknownFunction []
[2024.09.02-03.17.16:304][  0]LogWindows: Error: [Callstack] 0x00007ffbc6ac38c7 UE4Editor-CoreUObject.dll!UnknownFunction []
[2024.09.02-03.17.16:304][  0]LogWindows: Error: [Callstack] 0x00007ffbc6ac539d UE4Editor-CoreUObject.dll!UnknownFunction []
[2024.09.02-03.17.16:304][  0]LogWindows: Error: [Callstack] 0x00007ffbc6ac38c7 UE4Editor-CoreUObject.dll!UnknownFunction []
[2024.09.02-03.17.16:304][  0]LogWindows: Error: [Callstack] 0x00007ffbc6a70602 UE4Editor-CoreUObject.dll!UnknownFunction []
[2024.09.02-03.17.16:304][  0]LogWindows: Error: [Callstack] 0x00007ffbc6a72b1b UE4Editor-CoreUObject.dll!UnknownFunction []
[2024.09.02-03.17.16:304][  0]LogWindows: Error: [Callstack] 0x00007ffbc6a98bbc UE4Editor-CoreUObject.dll!UnknownFunction []
[2024.09.02-03.17.16:304][  0]LogWindows: Error: [Callstack] 0x00007ffbc6bacd66 UE4Editor-CoreUObject.dll!UnknownFunction []
[2024.09.02-03.17.16:304][  0]LogWindows: Error: [Callstack] 0x00007ffbc6a6790d UE4Editor-CoreUObject.dll!UnknownFunction []
[2024.09.02-03.17.16:304][  0]LogWindows: Error: [Callstack] 0x00007ffbc6ac52d2 UE4Editor-CoreUObject.dll!UnknownFunction []
[2024.09.02-03.17.16:304][  0]LogWindows: Error: [Callstack] 0x00007ffbc6ac38c7 UE4Editor-CoreUObject.dll!UnknownFunction []
[2024.09.02-03.17.16:304][  0]LogWindows: Error: [Callstack] 0x00007ffbc6ac539d UE4Editor-CoreUObject.dll!UnknownFunction []
[2024.09.02-03.17.16:304][  0]LogWindows: Error: [Callstack] 0x00007ffbc6ac38c7 UE4Editor-CoreUObject.dll!UnknownFunction []
[2024.09.02-03.17.16:304][  0]LogWindows: Error: [Callstack] 0x00007ffbc6a73969 UE4Editor-CoreUObject.dll!UnknownFunction []
[2024.09.02-03.17.16:304][  0]LogWindows: Error: [Callstack] 0x00007ffbc6a96ae0 UE4Editor-CoreUObject.dll!UnknownFunction []
[2024.09.02-03.17.16:304][  0]LogWindows: Error: [Callstack] 0x00007ffbc6a70b56 UE4Editor-CoreUObject.dll!UnknownFunction []
[2024.09.02-03.17.16:304][  0]LogWindows: Error: [Callstack] 0x00007ffbc6a72b1b UE4Editor-CoreUObject.dll!UnknownFunction []
[2024.09.02-03.17.16:304][  0]LogWindows: Error: [Callstack] 0x00007ffbc6a98bbc UE4Editor-CoreUObject.dll!UnknownFunction []
[2024.09.02-03.17.16:304][  0]LogWindows: Error: [Callstack] 0x00007ffbc6bacd66 UE4Editor-CoreUObject.dll!UnknownFunction []
[2024.09.02-03.17.16:304][  0]LogWindows: Error: [Callstack] 0x00007ffbc6a6790d UE4Editor-CoreUObject.dll!UnknownFunction []
[2024.09.02-03.17.16:304][  0]LogWindows: Error: [Callstack] 0x00007ffbc6ac52d2 UE4Editor-CoreUObject.dll!UnknownFunction []
[2024.09.02-03.17.16:304][  0]LogWindows: Error: [Callstack] 0x00007ffbc6ac38c7 UE4Editor-CoreUObject.dll!UnknownFunction []
[2024.09.02-03.17.16:304][  0]LogWindows: Error: 
[2024.09.02-03.17.16:317][  0]LogExit: Executing StaticShutdownAfterError
[2024.09.02-03.17.16:319][  0]LogWindows: FPlatformMisc::RequestExit(1)
[2024.09.02-03.17.16:319][  0]LogWindows: FPlatformMisc::RequestExitWithStatus(1, 3)
[2024.09.02-03.17.16:319][  0]LogCore: Engine exit requested (reason: Win RequestExit)
[2024.09.02-03.17.16:326][  0]Log file closed, 09/02/24 06:17:16
